2017-02-19 18:09:39 Warning: Warning (512): Association property name "section" clashes with field of same name of table "clss". You should explicitly specify the "propertyName" option. in [C:\xampp\htdocs\school\vendor\cakephp\cakephp\src\ORM\Association.php, line 722]
Trace:
Cake\Error\BaseErrorHandler::handleError() - CORE\src\Error\BaseErrorHandler.php, line 153
Cake\ORM\Association::getProperty() - CORE\src\ORM\Association.php, line 722
Cake\ORM\Association::property() - CORE\src\ORM\Association.php, line 744
Bake\Shell\Task\ModelTask::getEntityPropertySchema() - ROOT\vendor\cakephp\bake\src\Shell\Task\ModelTask.php, line 515
Bake\Shell\Task\ModelTask::getTableContext() - ROOT\vendor\cakephp\bake\src\Shell\Task\ModelTask.php, line 132
Bake\Shell\Task\ModelTask::bake() - ROOT\vendor\cakephp\bake\src\Shell\Task\ModelTask.php, line 110
Bake\Shell\Task\ModelTask::main() - ROOT\vendor\cakephp\bake\src\Shell\Task\ModelTask.php, line 97
Bake\Shell\BakeShell::Bake\Shell\{closure}() - ROOT\vendor\cakephp\bake\src\Shell\BakeShell.php, line 257
Cake\Collection\Collection::each() - CORE\src\Collection\CollectionTrait.php, line 51
Bake\Shell\BakeShell::all() - ROOT\vendor\cakephp\bake\src\Shell\BakeShell.php, line 260
Cake\Console\Shell::runCommand() - CORE\src\Console\Shell.php, line 458
Cake\Console\ShellDispatcher::_dispatch() - CORE\src\Console\ShellDispatcher.php, line 227
Cake\Console\ShellDispatcher::dispatch() - CORE\src\Console\ShellDispatcher.php, line 182
Cake\Console\ShellDispatcher::run() - CORE\src\Console\ShellDispatcher.php, line 128
[main] - ROOT\bin\cake.php, line 34



2017-02-19 18:10:23 Warning: Warning (512): Association property name "section" clashes with field of same name of table "clss". You should explicitly specify the "propertyName" option. in [C:\xampp\htdocs\school\vendor\cakephp\cakephp\src\ORM\Association.php, line 722]
Trace:
Cake\Error\BaseErrorHandler::handleError() - CORE\src\Error\BaseErrorHandler.php, line 153
Cake\ORM\Association::getProperty() - CORE\src\ORM\Association.php, line 722
Cake\ORM\Association::property() - CORE\src\ORM\Association.php, line 744
Bake\Utility\Model\AssociationFilter::filterAssociations() - ROOT\vendor\cakephp\bake\src\Utility\Model\AssociationFilter.php, line 96
Bake\Shell\Task\TemplateTask::_filteredAssociations() - ROOT\vendor\cakephp\bake\src\Shell\Task\TemplateTask.php, line 477
Bake\Shell\Task\TemplateTask::_loadController() - ROOT\vendor\cakephp\bake\src\Shell\Task\TemplateTask.php, line 298
Bake\Shell\Task\TemplateTask::main() - ROOT\vendor\cakephp\bake\src\Shell\Task\TemplateTask.php, line 148
Bake\Shell\BakeShell::Bake\Shell\{closure}() - ROOT\vendor\cakephp\bake\src\Shell\BakeShell.php, line 259
Cake\Collection\Collection::each() - CORE\src\Collection\CollectionTrait.php, line 51
Bake\Shell\BakeShell::all() - ROOT\vendor\cakephp\bake\src\Shell\BakeShell.php, line 260
Cake\Console\Shell::runCommand() - CORE\src\Console\Shell.php, line 458
Cake\Console\ShellDispatcher::_dispatch() - CORE\src\Console\ShellDispatcher.php, line 227
Cake\Console\ShellDispatcher::dispatch() - CORE\src\Console\ShellDispatcher.php, line 182
Cake\Console\ShellDispatcher::run() - CORE\src\Console\ShellDispatcher.php, line 128
[main] - ROOT\bin\cake.php, line 34



2017-02-27 04:29:44 Error: [PDOException] SQLSTATE[HY000] [2002] No connection could be made because the target machine actively refused it.

Stack Trace:
#0 C:\xampp\htdocs\school\vendor\cakephp\cakephp\src\Database\Driver\PDODriverTrait.php(48): PDO->__construct('mysql:host=loca...', 'root', '', Array)
#1 C:\xampp\htdocs\school\vendor\cakephp\cakephp\src\Database\Driver\Mysql.php(104): Cake\Database\Driver\Mysql->_connect('mysql:host=loca...', Array)
#2 C:\xampp\htdocs\school\vendor\cakephp\cakephp\src\Database\Schema\BaseSchema.php(45): Cake\Database\Driver\Mysql->connect()
#3 C:\xampp\htdocs\school\vendor\cakephp\cakephp\src\Database\Dialect\MysqlDialectTrait.php(63): Cake\Database\Schema\BaseSchema->__construct(Object(Cake\Database\Driver\Mysql))
#4 C:\xampp\htdocs\school\vendor\cakephp\cakephp\src\Database\Schema\Collection.php(52): Cake\Database\Driver\Mysql->schemaDialect()
#5 C:\xampp\htdocs\school\vendor\cakephp\cakephp\src\Database\Schema\CachedCollection.php(42): Cake\Database\Schema\Collection->__construct(Object(Cake\Database\Connection))
#6 C:\xampp\htdocs\school\vendor\cakephp\cakephp\src\Database\Connection.php(358): Cake\Database\Schema\CachedCollection->__construct(Object(Cake\Database\Connection), true)
#7 C:\xampp\htdocs\school\vendor\cakephp\cakephp\src\Database\Connection.php(377): Cake\Database\Connection->getSchemaCollection()
#8 C:\xampp\htdocs\school\vendor\cakephp\bake\src\Shell\Task\ModelTask.php(951): Cake\Database\Connection->schemaCollection()
#9 C:\xampp\htdocs\school\vendor\cakephp\bake\src\Shell\Task\ModelTask.php(903): Bake\Shell\Task\ModelTask->_getAllTables()
#10 C:\xampp\htdocs\school\vendor\cakephp\bake\src\Shell\Task\ModelTask.php(207): Bake\Shell\Task\ModelTask->listAll()
#11 C:\xampp\htdocs\school\vendor\cakephp\bake\src\Shell\Task\ModelTask.php(127): Bake\Shell\Task\ModelTask->getAssociations(Object(Cake\ORM\Table))
#12 C:\xampp\htdocs\school\vendor\cakephp\bake\src\Shell\Task\ModelTask.php(110): Bake\Shell\Task\ModelTask->getTableContext(Object(Cake\ORM\Table), 'users', 'Users')
#13 C:\xampp\htdocs\school\vendor\cakephp\bake\src\Shell\Task\ModelTask.php(97): Bake\Shell\Task\ModelTask->bake('Users')
#14 C:\xampp\htdocs\school\vendor\cakephp\bake\src\Shell\BakeShell.php(257): Bake\Shell\Task\ModelTask->main('Users')
#15 C:\xampp\htdocs\school\vendor\cakephp\cakephp\src\Collection\CollectionTrait.php(51): Bake\Shell\BakeShell->Bake\Shell\{closure}('users', 0)
#16 C:\xampp\htdocs\school\vendor\cakephp\bake\src\Shell\BakeShell.php(260): Cake\Collection\Collection->each(Object(Closure))
#17 C:\xampp\htdocs\school\vendor\cakephp\cakephp\src\Console\Shell.php(458): Bake\Shell\BakeShell->all('users')
#18 C:\xampp\htdocs\school\vendor\cakephp\cakephp\src\Console\ShellDispatcher.php(227): Cake\Console\Shell->runCommand(Array, true, Array)
#19 C:\xampp\htdocs\school\vendor\cakephp\cakephp\src\Console\ShellDispatcher.php(182): Cake\Console\ShellDispatcher->_dispatch(Array)
#20 C:\xampp\htdocs\school\vendor\cakephp\cakephp\src\Console\ShellDispatcher.php(128): Cake\Console\ShellDispatcher->dispatch(Array)
#21 C:\xampp\htdocs\school\bin\cake.php(34): Cake\Console\ShellDispatcher::run(Array)
#22 {main}


2017-02-27 04:31:07 Error: [Cake\Database\Exception] SQLSTATE[42S02]: Base table or view not found: 1146 Table 'sample_database.noticies' doesn't exist
Stack Trace:
#0 C:\xampp\htdocs\school\vendor\cakephp\cakephp\src\Database\Schema\Collection.php(97): Cake\Database\Schema\Collection->_reflect('Column', 'noticies', Array, Object(Cake\Database\Schema\TableSchema))
#1 C:\xampp\htdocs\school\vendor\cakephp\cakephp\src\Database\Schema\CachedCollection.php(63): Cake\Database\Schema\Collection->describe('noticies', Array)
#2 C:\xampp\htdocs\school\vendor\cakephp\cakephp\src\ORM\Table.php(533): Cake\Database\Schema\CachedCollection->describe('noticies')
#3 C:\xampp\htdocs\school\vendor\cakephp\cakephp\src\ORM\Table.php(654): Cake\ORM\Table->getSchema()
#4 C:\xampp\htdocs\school\vendor\cakephp\cakephp\src\ORM\Table.php(677): Cake\ORM\Table->getPrimaryKey()
#5 C:\xampp\htdocs\school\vendor\cakephp\bake\src\Shell\Task\ModelTask.php(215): Cake\ORM\Table->primaryKey()
#6 C:\xampp\htdocs\school\vendor\cakephp\bake\src\Shell\Task\ModelTask.php(127): Bake\Shell\Task\ModelTask->getAssociations(Object(Cake\ORM\Table))
#7 C:\xampp\htdocs\school\vendor\cakephp\bake\src\Shell\Task\ModelTask.php(110): Bake\Shell\Task\ModelTask->getTableContext(Object(Cake\ORM\Table), 'noticies', 'Noticies')
#8 C:\xampp\htdocs\school\vendor\cakephp\bake\src\Shell\Task\ModelTask.php(97): Bake\Shell\Task\ModelTask->bake('Noticies')
#9 C:\xampp\htdocs\school\vendor\cakephp\bake\src\Shell\BakeShell.php(257): Bake\Shell\Task\ModelTask->main('Noticies')
#10 C:\xampp\htdocs\school\vendor\cakephp\cakephp\src\Collection\CollectionTrait.php(51): Bake\Shell\BakeShell->Bake\Shell\{closure}('noticies', 0)
#11 C:\xampp\htdocs\school\vendor\cakephp\bake\src\Shell\BakeShell.php(260): Cake\Collection\Collection->each(Object(Closure))
#12 C:\xampp\htdocs\school\vendor\cakephp\cakephp\src\Console\Shell.php(458): Bake\Shell\BakeShell->all('noticies')
#13 C:\xampp\htdocs\school\vendor\cakephp\cakephp\src\Console\ShellDispatcher.php(227): Cake\Console\Shell->runCommand(Array, true, Array)
#14 C:\xampp\htdocs\school\vendor\cakephp\cakephp\src\Console\ShellDispatcher.php(182): Cake\Console\ShellDispatcher->_dispatch(Array)
#15 C:\xampp\htdocs\school\vendor\cakephp\cakephp\src\Console\ShellDispatcher.php(128): Cake\Console\ShellDispatcher->dispatch(Array)
#16 C:\xampp\htdocs\school\bin\cake.php(34): Cake\Console\ShellDispatcher::run(Array)
#17 {main}


2017-03-03 15:35:54 Error: [Cake\Console\Exception\MissingShellException] Shell class for "Migration" could not be found.
Exception Attributes: array (
  'class' => 'Migration',
)
Stack Trace:
#0 C:\xampp\htdocs\school\vendor\cakephp\cakephp\src\Console\ShellDispatcher.php(223): Cake\Console\ShellDispatcher->findShell('migration')
#1 C:\xampp\htdocs\school\vendor\cakephp\cakephp\src\Console\ShellDispatcher.php(182): Cake\Console\ShellDispatcher->_dispatch(Array)
#2 C:\xampp\htdocs\school\vendor\cakephp\cakephp\src\Console\ShellDispatcher.php(128): Cake\Console\ShellDispatcher->dispatch(Array)
#3 C:\xampp\htdocs\school\bin\cake.php(34): Cake\Console\ShellDispatcher::run(Array)
#4 {main}


