2017-02-20 14:57:41 Notice: Notice (8): Undefined variable: search in [C:\xampp\htdocs\school\src\Template\Clss\index.ctp, line 19]
Request URL: /classes
Referer URL: http://localhost/school/attendences
Trace:
Cake\Error\BaseErrorHandler::handleError() - CORE\src\Error\BaseErrorHandler.php, line 153
include - APP/Template\Clss\index.ctp, line 19
Cake\View\View::_evaluate() - CORE\src\View\View.php, line 1010
Cake\View\View::_render() - CORE\src\View\View.php, line 971
Cake\View\View::render() - CORE\src\View\View.php, line 595
Cake\Controller\Controller::render() - CORE\src\Controller\Controller.php, line 623
Cake\Http\ActionDispatcher::_invoke() - CORE\src\Http\ActionDispatcher.php, line 125
Cake\Http\ActionDispatcher::dispatch() - CORE\src\Http\ActionDispatcher.php, line 93
Cake\Http\BaseApplication::__invoke() - CORE\src\Http\BaseApplication.php, line 78
Cake\Http\Runner::__invoke() - CORE\src\Http\Runner.php, line 65
Cake\Routing\Middleware\RoutingMiddleware::__invoke() - CORE\src\Routing\Middleware\RoutingMiddleware.php, line 59
Cake\Http\Runner::__invoke() - CORE\src\Http\Runner.php, line 65
Cake\Routing\Middleware\AssetMiddleware::__invoke() - CORE\src\Routing\Middleware\AssetMiddleware.php, line 88
Cake\Http\Runner::__invoke() - CORE\src\Http\Runner.php, line 65
Cake\Error\Middleware\ErrorHandlerMiddleware::__invoke() - CORE\src\Error\Middleware\ErrorHandlerMiddleware.php, line 93
Cake\Http\Runner::__invoke() - CORE\src\Http\Runner.php, line 65
Cake\Http\Runner::run() - CORE\src\Http\Runner.php, line 51
Cake\Http\Server::run() - CORE\src\Http\Server.php, line 82
[main] - ROOT\webroot\index.php, line 37



2017-02-20 14:58:39 Notice: Notice (8): Undefined variable: search in [C:\xampp\htdocs\school\src\Template\Clss\index.ctp, line 19]
Request URL: /classes
Referer URL: http://localhost/school/classes
Trace:
Cake\Error\BaseErrorHandler::handleError() - CORE\src\Error\BaseErrorHandler.php, line 153
include - APP/Template\Clss\index.ctp, line 19
Cake\View\View::_evaluate() - CORE\src\View\View.php, line 1010
Cake\View\View::_render() - CORE\src\View\View.php, line 971
Cake\View\View::render() - CORE\src\View\View.php, line 595
Cake\Controller\Controller::render() - CORE\src\Controller\Controller.php, line 623
Cake\Http\ActionDispatcher::_invoke() - CORE\src\Http\ActionDispatcher.php, line 125
Cake\Http\ActionDispatcher::dispatch() - CORE\src\Http\ActionDispatcher.php, line 93
Cake\Http\BaseApplication::__invoke() - CORE\src\Http\BaseApplication.php, line 78
Cake\Http\Runner::__invoke() - CORE\src\Http\Runner.php, line 65
Cake\Routing\Middleware\RoutingMiddleware::__invoke() - CORE\src\Routing\Middleware\RoutingMiddleware.php, line 59
Cake\Http\Runner::__invoke() - CORE\src\Http\Runner.php, line 65
Cake\Routing\Middleware\AssetMiddleware::__invoke() - CORE\src\Routing\Middleware\AssetMiddleware.php, line 88
Cake\Http\Runner::__invoke() - CORE\src\Http\Runner.php, line 65
Cake\Error\Middleware\ErrorHandlerMiddleware::__invoke() - CORE\src\Error\Middleware\ErrorHandlerMiddleware.php, line 93
Cake\Http\Runner::__invoke() - CORE\src\Http\Runner.php, line 65
Cake\Http\Runner::run() - CORE\src\Http\Runner.php, line 51
Cake\Http\Server::run() - CORE\src\Http\Server.php, line 82
[main] - ROOT\webroot\index.php, line 37



2017-02-20 15:21:03 Notice: Notice (8): Undefined variable: cls in [C:\xampp\htdocs\school\src\Template\Clss\index.ctp, line 19]
Request URL: /classes
Referer URL: http://localhost/school/clss/add
Trace:
Cake\Error\BaseErrorHandler::handleError() - CORE\src\Error\BaseErrorHandler.php, line 153
include - APP/Template\Clss\index.ctp, line 19
Cake\View\View::_evaluate() - CORE\src\View\View.php, line 1010
Cake\View\View::_render() - CORE\src\View\View.php, line 971
Cake\View\View::render() - CORE\src\View\View.php, line 595
Cake\Controller\Controller::render() - CORE\src\Controller\Controller.php, line 623
Cake\Http\ActionDispatcher::_invoke() - CORE\src\Http\ActionDispatcher.php, line 125
Cake\Http\ActionDispatcher::dispatch() - CORE\src\Http\ActionDispatcher.php, line 93
Cake\Http\BaseApplication::__invoke() - CORE\src\Http\BaseApplication.php, line 78
Cake\Http\Runner::__invoke() - CORE\src\Http\Runner.php, line 65
Cake\Routing\Middleware\RoutingMiddleware::__invoke() - CORE\src\Routing\Middleware\RoutingMiddleware.php, line 59
Cake\Http\Runner::__invoke() - CORE\src\Http\Runner.php, line 65
Cake\Routing\Middleware\AssetMiddleware::__invoke() - CORE\src\Routing\Middleware\AssetMiddleware.php, line 88
Cake\Http\Runner::__invoke() - CORE\src\Http\Runner.php, line 65
Cake\Error\Middleware\ErrorHandlerMiddleware::__invoke() - CORE\src\Error\Middleware\ErrorHandlerMiddleware.php, line 93
Cake\Http\Runner::__invoke() - CORE\src\Http\Runner.php, line 65
Cake\Http\Runner::run() - CORE\src\Http\Runner.php, line 51
Cake\Http\Server::run() - CORE\src\Http\Server.php, line 82
[main] - ROOT\webroot\index.php, line 37



2017-02-20 16:16:58 Notice: Notice (8): Undefined variable: cls in [C:\xampp\htdocs\school\src\Template\Clss\index.ctp, line 18]
Request URL: /classes
Referer URL: http://localhost/school/classes
Trace:
Cake\Error\BaseErrorHandler::handleError() - CORE\src\Error\BaseErrorHandler.php, line 153
include - APP/Template\Clss\index.ctp, line 18
Cake\View\View::_evaluate() - CORE\src\View\View.php, line 1010
Cake\View\View::_render() - CORE\src\View\View.php, line 971
Cake\View\View::render() - CORE\src\View\View.php, line 595
Cake\Controller\Controller::render() - CORE\src\Controller\Controller.php, line 623
Cake\Http\ActionDispatcher::_invoke() - CORE\src\Http\ActionDispatcher.php, line 125
Cake\Http\ActionDispatcher::dispatch() - CORE\src\Http\ActionDispatcher.php, line 93
Cake\Http\BaseApplication::__invoke() - CORE\src\Http\BaseApplication.php, line 78
Cake\Http\Runner::__invoke() - CORE\src\Http\Runner.php, line 65
Cake\Routing\Middleware\RoutingMiddleware::__invoke() - CORE\src\Routing\Middleware\RoutingMiddleware.php, line 59
Cake\Http\Runner::__invoke() - CORE\src\Http\Runner.php, line 65
Cake\Routing\Middleware\AssetMiddleware::__invoke() - CORE\src\Routing\Middleware\AssetMiddleware.php, line 88
Cake\Http\Runner::__invoke() - CORE\src\Http\Runner.php, line 65
Cake\Error\Middleware\ErrorHandlerMiddleware::__invoke() - CORE\src\Error\Middleware\ErrorHandlerMiddleware.php, line 93
Cake\Http\Runner::__invoke() - CORE\src\Http\Runner.php, line 65
Cake\Http\Runner::run() - CORE\src\Http\Runner.php, line 51
Cake\Http\Server::run() - CORE\src\Http\Server.php, line 82
[main] - ROOT\webroot\index.php, line 37



