2017-02-19 14:03:50 Error: [Cake\Routing\Exception\MissingControllerException] Controller class Student could not be found.
Exception Attributes: array (
  'class' => 'Student',
  'plugin' => false,
  'prefix' => false,
  '_ext' => false,
)
Request URL: /student
Stack Trace:
#0 C:\xampp\htdocs\school\vendor\cakephp\cakephp\src\Http\ControllerFactory.php(70): Cake\Http\ControllerFactory->missingController(Object(Cake\Http\ServerRequest))
#1 C:\xampp\htdocs\school\vendor\cakephp\cakephp\src\Http\ActionDispatcher.php(90): Cake\Http\ControllerFactory->create(Object(Cake\Http\ServerRequest), Object(Cake\Http\Response))
#2 C:\xampp\htdocs\school\vendor\cakephp\cakephp\src\Http\BaseApplication.php(78): Cake\Http\ActionDispatcher->dispatch(Object(Cake\Http\ServerRequest), Object(Cake\Http\Response))
#3 C:\xampp\htdocs\school\vendor\cakephp\cakephp\src\Http\Runner.php(65): Cake\Http\BaseApplication->__invoke(Object(Cake\Http\ServerRequest), Object(Cake\Http\Response), Object(Cake\Http\Runner))
#4 C:\xampp\htdocs\school\vendor\cakephp\cakephp\src\Routing\Middleware\RoutingMiddleware.php(59): Cake\Http\Runner->__invoke(Object(Cake\Http\ServerRequest), Object(Cake\Http\Response))
#5 C:\xampp\htdocs\school\vendor\cakephp\cakephp\src\Http\Runner.php(65): Cake\Routing\Middleware\RoutingMiddleware->__invoke(Object(Cake\Http\ServerRequest), Object(Cake\Http\Response), Object(Cake\Http\Runner))
#6 C:\xampp\htdocs\school\vendor\cakephp\cakephp\src\Routing\Middleware\AssetMiddleware.php(88): Cake\Http\Runner->__invoke(Object(Cake\Http\ServerRequest), Object(Cake\Http\Response))
#7 C:\xampp\htdocs\school\vendor\cakephp\cakephp\src\Http\Runner.php(65): Cake\Routing\Middleware\AssetMiddleware->__invoke(Object(Cake\Http\ServerRequest), Object(Cake\Http\Response), Object(Cake\Http\Runner))
#8 C:\xampp\htdocs\school\vendor\cakephp\cakephp\src\Error\Middleware\ErrorHandlerMiddleware.php(93): Cake\Http\Runner->__invoke(Object(Cake\Http\ServerRequest), Object(Cake\Http\Response))
#9 C:\xampp\htdocs\school\vendor\cakephp\cakephp\src\Http\Runner.php(65): Cake\Error\Middleware\ErrorHandlerMiddleware->__invoke(Object(Cake\Http\ServerRequest), Object(Cake\Http\Response), Object(Cake\Http\Runner))
#10 C:\xampp\htdocs\school\vendor\cakephp\cakephp\src\Http\Runner.php(51): Cake\Http\Runner->__invoke(Object(Cake\Http\ServerRequest), Object(Cake\Http\Response))
#11 C:\xampp\htdocs\school\vendor\cakephp\cakephp\src\Http\Server.php(82): Cake\Http\Runner->run(Object(Cake\Http\MiddlewareQueue), Object(Cake\Http\ServerRequest), Object(Cake\Http\Response))
#12 C:\xampp\htdocs\school\webroot\index.php(37): Cake\Http\Server->run()
#13 {main}


2017-02-19 14:19:06 Error: [Cake\Datasource\Exception\RecordNotFoundException] Record not found in table "teachers"
Request URL: /teachers/delete/40
Referer URL: http://localhost/school/teachers
Stack Trace:
#0 C:\xampp\htdocs\school\vendor\cakephp\cakephp\src\ORM\Table.php(1434): Cake\ORM\Query->firstOrFail()
#1 C:\xampp\htdocs\school\src\Controller\TeachersController.php(107): Cake\ORM\Table->get('40')
#2 C:\xampp\htdocs\school\vendor\cakephp\cakephp\src\Controller\Controller.php(440): App\Controller\TeachersController->delete('40')
#3 C:\xampp\htdocs\school\vendor\cakephp\cakephp\src\Http\ActionDispatcher.php(119): Cake\Controller\Controller->invokeAction()
#4 C:\xampp\htdocs\school\vendor\cakephp\cakephp\src\Http\ActionDispatcher.php(93): Cake\Http\ActionDispatcher->_invoke(Object(App\Controller\TeachersController))
#5 C:\xampp\htdocs\school\vendor\cakephp\cakephp\src\Http\BaseApplication.php(78): Cake\Http\ActionDispatcher->dispatch(Object(Cake\Http\ServerRequest), Object(Cake\Http\Response))
#6 C:\xampp\htdocs\school\vendor\cakephp\cakephp\src\Http\Runner.php(65): Cake\Http\BaseApplication->__invoke(Object(Cake\Http\ServerRequest), Object(Cake\Http\Response), Object(Cake\Http\Runner))
#7 C:\xampp\htdocs\school\vendor\cakephp\cakephp\src\Routing\Middleware\RoutingMiddleware.php(59): Cake\Http\Runner->__invoke(Object(Cake\Http\ServerRequest), Object(Cake\Http\Response))
#8 C:\xampp\htdocs\school\vendor\cakephp\cakephp\src\Http\Runner.php(65): Cake\Routing\Middleware\RoutingMiddleware->__invoke(Object(Cake\Http\ServerRequest), Object(Cake\Http\Response), Object(Cake\Http\Runner))
#9 C:\xampp\htdocs\school\vendor\cakephp\cakephp\src\Routing\Middleware\AssetMiddleware.php(88): Cake\Http\Runner->__invoke(Object(Cake\Http\ServerRequest), Object(Cake\Http\Response))
#10 C:\xampp\htdocs\school\vendor\cakephp\cakephp\src\Http\Runner.php(65): Cake\Routing\Middleware\AssetMiddleware->__invoke(Object(Cake\Http\ServerRequest), Object(Cake\Http\Response), Object(Cake\Http\Runner))
#11 C:\xampp\htdocs\school\vendor\cakephp\cakephp\src\Error\Middleware\ErrorHandlerMiddleware.php(93): Cake\Http\Runner->__invoke(Object(Cake\Http\ServerRequest), Object(Cake\Http\Response))
#12 C:\xampp\htdocs\school\vendor\cakephp\cakephp\src\Http\Runner.php(65): Cake\Error\Middleware\ErrorHandlerMiddleware->__invoke(Object(Cake\Http\ServerRequest), Object(Cake\Http\Response), Object(Cake\Http\Runner))
#13 C:\xampp\htdocs\school\vendor\cakephp\cakephp\src\Http\Runner.php(51): Cake\Http\Runner->__invoke(Object(Cake\Http\ServerRequest), Object(Cake\Http\Response))
#14 C:\xampp\htdocs\school\vendor\cakephp\cakephp\src\Http\Server.php(82): Cake\Http\Runner->run(Object(Cake\Http\MiddlewareQueue), Object(Cake\Http\ServerRequest), Object(Cake\Http\Response))
#15 C:\xampp\htdocs\school\webroot\index.php(37): Cake\Http\Server->run()
#16 {main}


2017-02-19 17:57:58 Error: [InvalidArgumentException] Stuffs is not associated with Clss
Request URL: /stuffs
Stack Trace:
#0 C:\xampp\htdocs\school\vendor\cakephp\cakephp\src\ORM\EagerLoader.php(321): Cake\ORM\EagerLoader->_normalizeContain(Object(App\Model\Table\StuffsTable), 'Clss', Array, Array)
#1 C:\xampp\htdocs\school\vendor\cakephp\cakephp\src\ORM\EagerLoader.php(450): Cake\ORM\EagerLoader->normalized(Object(App\Model\Table\StuffsTable))
#2 C:\xampp\htdocs\school\vendor\cakephp\cakephp\src\ORM\EagerLoader.php(421): Cake\ORM\EagerLoader->attachableAssociations(Object(App\Model\Table\StuffsTable))
#3 C:\xampp\htdocs\school\vendor\cakephp\cakephp\src\ORM\Query.php(1038): Cake\ORM\EagerLoader->attachAssociations(Object(Cake\ORM\Query), Object(App\Model\Table\StuffsTable), true)
#4 C:\xampp\htdocs\school\vendor\cakephp\cakephp\src\ORM\Query.php(989): Cake\ORM\Query->_transformQuery()
#5 C:\xampp\htdocs\school\vendor\cakephp\cakephp\src\Database\Driver\Mysql.php(136): Cake\ORM\Query->sql()
#6 C:\xampp\htdocs\school\vendor\cakephp\cakephp\src\Database\Connection.php(249): Cake\Database\Driver\Mysql->prepare(Object(Cake\ORM\Query))
#7 C:\xampp\htdocs\school\vendor\cakephp\cakephp\src\Database\Connection.php(302): Cake\Database\Connection->prepare(Object(Cake\ORM\Query))
#8 C:\xampp\htdocs\school\vendor\cakephp\cakephp\src\Database\Query.php(213): Cake\Database\Connection->run(Object(Cake\ORM\Query))
#9 C:\xampp\htdocs\school\vendor\cakephp\cakephp\src\ORM\Query.php(1011): Cake\Database\Query->execute()
#10 C:\xampp\htdocs\school\vendor\cakephp\cakephp\src\Datasource\QueryTrait.php(276): Cake\ORM\Query->_execute()
#11 C:\xampp\htdocs\school\vendor\cakephp\cakephp\src\ORM\Query.php(959): Cake\ORM\Query->_all()
#12 C:\xampp\htdocs\school\vendor\cakephp\cakephp\src\Controller\Component\PaginatorComponent.php(189): Cake\ORM\Query->all()
#13 C:\xampp\htdocs\school\vendor\cakephp\cakephp\src\Controller\Controller.php(717): Cake\Controller\Component\PaginatorComponent->paginate(Object(App\Model\Table\StuffsTable), Array)
#14 C:\xampp\htdocs\school\src\Controller\StuffsController.php(24): Cake\Controller\Controller->paginate(Object(App\Model\Table\StuffsTable))
#15 C:\xampp\htdocs\school\vendor\cakephp\cakephp\src\Controller\Controller.php(440): App\Controller\StuffsController->index()
#16 C:\xampp\htdocs\school\vendor\cakephp\cakephp\src\Http\ActionDispatcher.php(119): Cake\Controller\Controller->invokeAction()
#17 C:\xampp\htdocs\school\vendor\cakephp\cakephp\src\Http\ActionDispatcher.php(93): Cake\Http\ActionDispatcher->_invoke(Object(App\Controller\StuffsController))
#18 C:\xampp\htdocs\school\vendor\cakephp\cakephp\src\Http\BaseApplication.php(78): Cake\Http\ActionDispatcher->dispatch(Object(Cake\Http\ServerRequest), Object(Cake\Http\Response))
#19 C:\xampp\htdocs\school\vendor\cakephp\cakephp\src\Http\Runner.php(65): Cake\Http\BaseApplication->__invoke(Object(Cake\Http\ServerRequest), Object(Cake\Http\Response), Object(Cake\Http\Runner))
#20 C:\xampp\htdocs\school\vendor\cakephp\cakephp\src\Routing\Middleware\RoutingMiddleware.php(59): Cake\Http\Runner->__invoke(Object(Cake\Http\ServerRequest), Object(Cake\Http\Response))
#21 C:\xampp\htdocs\school\vendor\cakephp\cakephp\src\Http\Runner.php(65): Cake\Routing\Middleware\RoutingMiddleware->__invoke(Object(Cake\Http\ServerRequest), Object(Cake\Http\Response), Object(Cake\Http\Runner))
#22 C:\xampp\htdocs\school\vendor\cakephp\cakephp\src\Routing\Middleware\AssetMiddleware.php(88): Cake\Http\Runner->__invoke(Object(Cake\Http\ServerRequest), Object(Cake\Http\Response))
#23 C:\xampp\htdocs\school\vendor\cakephp\cakephp\src\Http\Runner.php(65): Cake\Routing\Middleware\AssetMiddleware->__invoke(Object(Cake\Http\ServerRequest), Object(Cake\Http\Response), Object(Cake\Http\Runner))
#24 C:\xampp\htdocs\school\vendor\cakephp\cakephp\src\Error\Middleware\ErrorHandlerMiddleware.php(93): Cake\Http\Runner->__invoke(Object(Cake\Http\ServerRequest), Object(Cake\Http\Response))
#25 C:\xampp\htdocs\school\vendor\cakephp\cakephp\src\Http\Runner.php(65): Cake\Error\Middleware\ErrorHandlerMiddleware->__invoke(Object(Cake\Http\ServerRequest), Object(Cake\Http\Response), Object(Cake\Http\Runner))
#26 C:\xampp\htdocs\school\vendor\cakephp\cakephp\src\Http\Runner.php(51): Cake\Http\Runner->__invoke(Object(Cake\Http\ServerRequest), Object(Cake\Http\Response))
#27 C:\xampp\htdocs\school\vendor\cakephp\cakephp\src\Http\Server.php(82): Cake\Http\Runner->run(Object(Cake\Http\MiddlewareQueue), Object(Cake\Http\ServerRequest), Object(Cake\Http\Response))
#28 C:\xampp\htdocs\school\webroot\index.php(37): Cake\Http\Server->run()
#29 {main}


2017-02-19 17:58:16 Error: [InvalidArgumentException] Stuffs is not associated with Clss
Request URL: /stuffs
Stack Trace:
#0 C:\xampp\htdocs\school\vendor\cakephp\cakephp\src\ORM\EagerLoader.php(321): Cake\ORM\EagerLoader->_normalizeContain(Object(App\Model\Table\StuffsTable), 'Clss', Array, Array)
#1 C:\xampp\htdocs\school\vendor\cakephp\cakephp\src\ORM\EagerLoader.php(450): Cake\ORM\EagerLoader->normalized(Object(App\Model\Table\StuffsTable))
#2 C:\xampp\htdocs\school\vendor\cakephp\cakephp\src\ORM\EagerLoader.php(421): Cake\ORM\EagerLoader->attachableAssociations(Object(App\Model\Table\StuffsTable))
#3 C:\xampp\htdocs\school\vendor\cakephp\cakephp\src\ORM\Query.php(1038): Cake\ORM\EagerLoader->attachAssociations(Object(Cake\ORM\Query), Object(App\Model\Table\StuffsTable), true)
#4 C:\xampp\htdocs\school\vendor\cakephp\cakephp\src\ORM\Query.php(989): Cake\ORM\Query->_transformQuery()
#5 C:\xampp\htdocs\school\vendor\cakephp\cakephp\src\Database\Driver\Mysql.php(136): Cake\ORM\Query->sql()
#6 C:\xampp\htdocs\school\vendor\cakephp\cakephp\src\Database\Connection.php(249): Cake\Database\Driver\Mysql->prepare(Object(Cake\ORM\Query))
#7 C:\xampp\htdocs\school\vendor\cakephp\cakephp\src\Database\Connection.php(302): Cake\Database\Connection->prepare(Object(Cake\ORM\Query))
#8 C:\xampp\htdocs\school\vendor\cakephp\cakephp\src\Database\Query.php(213): Cake\Database\Connection->run(Object(Cake\ORM\Query))
#9 C:\xampp\htdocs\school\vendor\cakephp\cakephp\src\ORM\Query.php(1011): Cake\Database\Query->execute()
#10 C:\xampp\htdocs\school\vendor\cakephp\cakephp\src\Datasource\QueryTrait.php(276): Cake\ORM\Query->_execute()
#11 C:\xampp\htdocs\school\vendor\cakephp\cakephp\src\ORM\Query.php(959): Cake\ORM\Query->_all()
#12 C:\xampp\htdocs\school\vendor\cakephp\cakephp\src\Controller\Component\PaginatorComponent.php(189): Cake\ORM\Query->all()
#13 C:\xampp\htdocs\school\vendor\cakephp\cakephp\src\Controller\Controller.php(717): Cake\Controller\Component\PaginatorComponent->paginate(Object(App\Model\Table\StuffsTable), Array)
#14 C:\xampp\htdocs\school\src\Controller\StuffsController.php(24): Cake\Controller\Controller->paginate(Object(App\Model\Table\StuffsTable))
#15 C:\xampp\htdocs\school\vendor\cakephp\cakephp\src\Controller\Controller.php(440): App\Controller\StuffsController->index()
#16 C:\xampp\htdocs\school\vendor\cakephp\cakephp\src\Http\ActionDispatcher.php(119): Cake\Controller\Controller->invokeAction()
#17 C:\xampp\htdocs\school\vendor\cakephp\cakephp\src\Http\ActionDispatcher.php(93): Cake\Http\ActionDispatcher->_invoke(Object(App\Controller\StuffsController))
#18 C:\xampp\htdocs\school\vendor\cakephp\cakephp\src\Http\BaseApplication.php(78): Cake\Http\ActionDispatcher->dispatch(Object(Cake\Http\ServerRequest), Object(Cake\Http\Response))
#19 C:\xampp\htdocs\school\vendor\cakephp\cakephp\src\Http\Runner.php(65): Cake\Http\BaseApplication->__invoke(Object(Cake\Http\ServerRequest), Object(Cake\Http\Response), Object(Cake\Http\Runner))
#20 C:\xampp\htdocs\school\vendor\cakephp\cakephp\src\Routing\Middleware\RoutingMiddleware.php(59): Cake\Http\Runner->__invoke(Object(Cake\Http\ServerRequest), Object(Cake\Http\Response))
#21 C:\xampp\htdocs\school\vendor\cakephp\cakephp\src\Http\Runner.php(65): Cake\Routing\Middleware\RoutingMiddleware->__invoke(Object(Cake\Http\ServerRequest), Object(Cake\Http\Response), Object(Cake\Http\Runner))
#22 C:\xampp\htdocs\school\vendor\cakephp\cakephp\src\Routing\Middleware\AssetMiddleware.php(88): Cake\Http\Runner->__invoke(Object(Cake\Http\ServerRequest), Object(Cake\Http\Response))
#23 C:\xampp\htdocs\school\vendor\cakephp\cakephp\src\Http\Runner.php(65): Cake\Routing\Middleware\AssetMiddleware->__invoke(Object(Cake\Http\ServerRequest), Object(Cake\Http\Response), Object(Cake\Http\Runner))
#24 C:\xampp\htdocs\school\vendor\cakephp\cakephp\src\Error\Middleware\ErrorHandlerMiddleware.php(93): Cake\Http\Runner->__invoke(Object(Cake\Http\ServerRequest), Object(Cake\Http\Response))
#25 C:\xampp\htdocs\school\vendor\cakephp\cakephp\src\Http\Runner.php(65): Cake\Error\Middleware\ErrorHandlerMiddleware->__invoke(Object(Cake\Http\ServerRequest), Object(Cake\Http\Response), Object(Cake\Http\Runner))
#26 C:\xampp\htdocs\school\vendor\cakephp\cakephp\src\Http\Runner.php(51): Cake\Http\Runner->__invoke(Object(Cake\Http\ServerRequest), Object(Cake\Http\Response))
#27 C:\xampp\htdocs\school\vendor\cakephp\cakephp\src\Http\Server.php(82): Cake\Http\Runner->run(Object(Cake\Http\MiddlewareQueue), Object(Cake\Http\ServerRequest), Object(Cake\Http\Response))
#28 C:\xampp\htdocs\school\webroot\index.php(37): Cake\Http\Server->run()
#29 {main}


2017-02-19 17:58:16 Error: [InvalidArgumentException] Stuffs is not associated with Clss
Request URL: /stuffs
Stack Trace:
#0 C:\xampp\htdocs\school\vendor\cakephp\cakephp\src\ORM\EagerLoader.php(321): Cake\ORM\EagerLoader->_normalizeContain(Object(App\Model\Table\StuffsTable), 'Clss', Array, Array)
#1 C:\xampp\htdocs\school\vendor\cakephp\cakephp\src\ORM\EagerLoader.php(450): Cake\ORM\EagerLoader->normalized(Object(App\Model\Table\StuffsTable))
#2 C:\xampp\htdocs\school\vendor\cakephp\cakephp\src\ORM\EagerLoader.php(421): Cake\ORM\EagerLoader->attachableAssociations(Object(App\Model\Table\StuffsTable))
#3 C:\xampp\htdocs\school\vendor\cakephp\cakephp\src\ORM\Query.php(1038): Cake\ORM\EagerLoader->attachAssociations(Object(Cake\ORM\Query), Object(App\Model\Table\StuffsTable), true)
#4 C:\xampp\htdocs\school\vendor\cakephp\cakephp\src\ORM\Query.php(989): Cake\ORM\Query->_transformQuery()
#5 C:\xampp\htdocs\school\vendor\cakephp\cakephp\src\Database\Driver\Mysql.php(136): Cake\ORM\Query->sql()
#6 C:\xampp\htdocs\school\vendor\cakephp\cakephp\src\Database\Connection.php(249): Cake\Database\Driver\Mysql->prepare(Object(Cake\ORM\Query))
#7 C:\xampp\htdocs\school\vendor\cakephp\cakephp\src\Database\Connection.php(302): Cake\Database\Connection->prepare(Object(Cake\ORM\Query))
#8 C:\xampp\htdocs\school\vendor\cakephp\cakephp\src\Database\Query.php(213): Cake\Database\Connection->run(Object(Cake\ORM\Query))
#9 C:\xampp\htdocs\school\vendor\cakephp\cakephp\src\ORM\Query.php(1011): Cake\Database\Query->execute()
#10 C:\xampp\htdocs\school\vendor\cakephp\cakephp\src\Datasource\QueryTrait.php(276): Cake\ORM\Query->_execute()
#11 C:\xampp\htdocs\school\vendor\cakephp\cakephp\src\ORM\Query.php(959): Cake\ORM\Query->_all()
#12 C:\xampp\htdocs\school\vendor\cakephp\cakephp\src\Controller\Component\PaginatorComponent.php(189): Cake\ORM\Query->all()
#13 C:\xampp\htdocs\school\vendor\cakephp\cakephp\src\Controller\Controller.php(717): Cake\Controller\Component\PaginatorComponent->paginate(Object(App\Model\Table\StuffsTable), Array)
#14 C:\xampp\htdocs\school\src\Controller\StuffsController.php(24): Cake\Controller\Controller->paginate(Object(App\Model\Table\StuffsTable))
#15 C:\xampp\htdocs\school\vendor\cakephp\cakephp\src\Controller\Controller.php(440): App\Controller\StuffsController->index()
#16 C:\xampp\htdocs\school\vendor\cakephp\cakephp\src\Http\ActionDispatcher.php(119): Cake\Controller\Controller->invokeAction()
#17 C:\xampp\htdocs\school\vendor\cakephp\cakephp\src\Http\ActionDispatcher.php(93): Cake\Http\ActionDispatcher->_invoke(Object(App\Controller\StuffsController))
#18 C:\xampp\htdocs\school\vendor\cakephp\cakephp\src\Http\BaseApplication.php(78): Cake\Http\ActionDispatcher->dispatch(Object(Cake\Http\ServerRequest), Object(Cake\Http\Response))
#19 C:\xampp\htdocs\school\vendor\cakephp\cakephp\src\Http\Runner.php(65): Cake\Http\BaseApplication->__invoke(Object(Cake\Http\ServerRequest), Object(Cake\Http\Response), Object(Cake\Http\Runner))
#20 C:\xampp\htdocs\school\vendor\cakephp\cakephp\src\Routing\Middleware\RoutingMiddleware.php(59): Cake\Http\Runner->__invoke(Object(Cake\Http\ServerRequest), Object(Cake\Http\Response))
#21 C:\xampp\htdocs\school\vendor\cakephp\cakephp\src\Http\Runner.php(65): Cake\Routing\Middleware\RoutingMiddleware->__invoke(Object(Cake\Http\ServerRequest), Object(Cake\Http\Response), Object(Cake\Http\Runner))
#22 C:\xampp\htdocs\school\vendor\cakephp\cakephp\src\Routing\Middleware\AssetMiddleware.php(88): Cake\Http\Runner->__invoke(Object(Cake\Http\ServerRequest), Object(Cake\Http\Response))
#23 C:\xampp\htdocs\school\vendor\cakephp\cakephp\src\Http\Runner.php(65): Cake\Routing\Middleware\AssetMiddleware->__invoke(Object(Cake\Http\ServerRequest), Object(Cake\Http\Response), Object(Cake\Http\Runner))
#24 C:\xampp\htdocs\school\vendor\cakephp\cakephp\src\Error\Middleware\ErrorHandlerMiddleware.php(93): Cake\Http\Runner->__invoke(Object(Cake\Http\ServerRequest), Object(Cake\Http\Response))
#25 C:\xampp\htdocs\school\vendor\cakephp\cakephp\src\Http\Runner.php(65): Cake\Error\Middleware\ErrorHandlerMiddleware->__invoke(Object(Cake\Http\ServerRequest), Object(Cake\Http\Response), Object(Cake\Http\Runner))
#26 C:\xampp\htdocs\school\vendor\cakephp\cakephp\src\Http\Runner.php(51): Cake\Http\Runner->__invoke(Object(Cake\Http\ServerRequest), Object(Cake\Http\Response))
#27 C:\xampp\htdocs\school\vendor\cakephp\cakephp\src\Http\Server.php(82): Cake\Http\Runner->run(Object(Cake\Http\MiddlewareQueue), Object(Cake\Http\ServerRequest), Object(Cake\Http\Response))
#28 C:\xampp\htdocs\school\webroot\index.php(37): Cake\Http\Server->run()
#29 {main}


2017-02-19 17:58:35 Error: [InvalidArgumentException] Stuffs is not associated with Clss
Request URL: /stuffs
Stack Trace:
#0 C:\xampp\htdocs\school\vendor\cakephp\cakephp\src\ORM\EagerLoader.php(321): Cake\ORM\EagerLoader->_normalizeContain(Object(App\Model\Table\StuffsTable), 'Clss', Array, Array)
#1 C:\xampp\htdocs\school\vendor\cakephp\cakephp\src\ORM\EagerLoader.php(450): Cake\ORM\EagerLoader->normalized(Object(App\Model\Table\StuffsTable))
#2 C:\xampp\htdocs\school\vendor\cakephp\cakephp\src\ORM\EagerLoader.php(421): Cake\ORM\EagerLoader->attachableAssociations(Object(App\Model\Table\StuffsTable))
#3 C:\xampp\htdocs\school\vendor\cakephp\cakephp\src\ORM\Query.php(1038): Cake\ORM\EagerLoader->attachAssociations(Object(Cake\ORM\Query), Object(App\Model\Table\StuffsTable), true)
#4 C:\xampp\htdocs\school\vendor\cakephp\cakephp\src\ORM\Query.php(989): Cake\ORM\Query->_transformQuery()
#5 C:\xampp\htdocs\school\vendor\cakephp\cakephp\src\Database\Driver\Mysql.php(136): Cake\ORM\Query->sql()
#6 C:\xampp\htdocs\school\vendor\cakephp\cakephp\src\Database\Connection.php(249): Cake\Database\Driver\Mysql->prepare(Object(Cake\ORM\Query))
#7 C:\xampp\htdocs\school\vendor\cakephp\cakephp\src\Database\Connection.php(302): Cake\Database\Connection->prepare(Object(Cake\ORM\Query))
#8 C:\xampp\htdocs\school\vendor\cakephp\cakephp\src\Database\Query.php(213): Cake\Database\Connection->run(Object(Cake\ORM\Query))
#9 C:\xampp\htdocs\school\vendor\cakephp\cakephp\src\ORM\Query.php(1011): Cake\Database\Query->execute()
#10 C:\xampp\htdocs\school\vendor\cakephp\cakephp\src\Datasource\QueryTrait.php(276): Cake\ORM\Query->_execute()
#11 C:\xampp\htdocs\school\vendor\cakephp\cakephp\src\ORM\Query.php(959): Cake\ORM\Query->_all()
#12 C:\xampp\htdocs\school\vendor\cakephp\cakephp\src\Controller\Component\PaginatorComponent.php(189): Cake\ORM\Query->all()
#13 C:\xampp\htdocs\school\vendor\cakephp\cakephp\src\Controller\Controller.php(717): Cake\Controller\Component\PaginatorComponent->paginate(Object(App\Model\Table\StuffsTable), Array)
#14 C:\xampp\htdocs\school\src\Controller\StuffsController.php(24): Cake\Controller\Controller->paginate(Object(App\Model\Table\StuffsTable))
#15 C:\xampp\htdocs\school\vendor\cakephp\cakephp\src\Controller\Controller.php(440): App\Controller\StuffsController->index()
#16 C:\xampp\htdocs\school\vendor\cakephp\cakephp\src\Http\ActionDispatcher.php(119): Cake\Controller\Controller->invokeAction()
#17 C:\xampp\htdocs\school\vendor\cakephp\cakephp\src\Http\ActionDispatcher.php(93): Cake\Http\ActionDispatcher->_invoke(Object(App\Controller\StuffsController))
#18 C:\xampp\htdocs\school\vendor\cakephp\cakephp\src\Http\BaseApplication.php(78): Cake\Http\ActionDispatcher->dispatch(Object(Cake\Http\ServerRequest), Object(Cake\Http\Response))
#19 C:\xampp\htdocs\school\vendor\cakephp\cakephp\src\Http\Runner.php(65): Cake\Http\BaseApplication->__invoke(Object(Cake\Http\ServerRequest), Object(Cake\Http\Response), Object(Cake\Http\Runner))
#20 C:\xampp\htdocs\school\vendor\cakephp\cakephp\src\Routing\Middleware\RoutingMiddleware.php(59): Cake\Http\Runner->__invoke(Object(Cake\Http\ServerRequest), Object(Cake\Http\Response))
#21 C:\xampp\htdocs\school\vendor\cakephp\cakephp\src\Http\Runner.php(65): Cake\Routing\Middleware\RoutingMiddleware->__invoke(Object(Cake\Http\ServerRequest), Object(Cake\Http\Response), Object(Cake\Http\Runner))
#22 C:\xampp\htdocs\school\vendor\cakephp\cakephp\src\Routing\Middleware\AssetMiddleware.php(88): Cake\Http\Runner->__invoke(Object(Cake\Http\ServerRequest), Object(Cake\Http\Response))
#23 C:\xampp\htdocs\school\vendor\cakephp\cakephp\src\Http\Runner.php(65): Cake\Routing\Middleware\AssetMiddleware->__invoke(Object(Cake\Http\ServerRequest), Object(Cake\Http\Response), Object(Cake\Http\Runner))
#24 C:\xampp\htdocs\school\vendor\cakephp\cakephp\src\Error\Middleware\ErrorHandlerMiddleware.php(93): Cake\Http\Runner->__invoke(Object(Cake\Http\ServerRequest), Object(Cake\Http\Response))
#25 C:\xampp\htdocs\school\vendor\cakephp\cakephp\src\Http\Runner.php(65): Cake\Error\Middleware\ErrorHandlerMiddleware->__invoke(Object(Cake\Http\ServerRequest), Object(Cake\Http\Response), Object(Cake\Http\Runner))
#26 C:\xampp\htdocs\school\vendor\cakephp\cakephp\src\Http\Runner.php(51): Cake\Http\Runner->__invoke(Object(Cake\Http\ServerRequest), Object(Cake\Http\Response))
#27 C:\xampp\htdocs\school\vendor\cakephp\cakephp\src\Http\Server.php(82): Cake\Http\Runner->run(Object(Cake\Http\MiddlewareQueue), Object(Cake\Http\ServerRequest), Object(Cake\Http\Response))
#28 C:\xampp\htdocs\school\webroot\index.php(37): Cake\Http\Server->run()
#29 {main}


2017-02-19 17:58:42 Error: [RuntimeException] Table "App\Model\Table\StuffsTable" is not associated with "Clss"
Request URL: /stuffs/add
Stack Trace:
#0 C:\xampp\htdocs\school\src\Controller\StuffsController.php(64): Cake\ORM\Table->__get('Clss')
#1 C:\xampp\htdocs\school\vendor\cakephp\cakephp\src\Controller\Controller.php(440): App\Controller\StuffsController->add()
#2 C:\xampp\htdocs\school\vendor\cakephp\cakephp\src\Http\ActionDispatcher.php(119): Cake\Controller\Controller->invokeAction()
#3 C:\xampp\htdocs\school\vendor\cakephp\cakephp\src\Http\ActionDispatcher.php(93): Cake\Http\ActionDispatcher->_invoke(Object(App\Controller\StuffsController))
#4 C:\xampp\htdocs\school\vendor\cakephp\cakephp\src\Http\BaseApplication.php(78): Cake\Http\ActionDispatcher->dispatch(Object(Cake\Http\ServerRequest), Object(Cake\Http\Response))
#5 C:\xampp\htdocs\school\vendor\cakephp\cakephp\src\Http\Runner.php(65): Cake\Http\BaseApplication->__invoke(Object(Cake\Http\ServerRequest), Object(Cake\Http\Response), Object(Cake\Http\Runner))
#6 C:\xampp\htdocs\school\vendor\cakephp\cakephp\src\Routing\Middleware\RoutingMiddleware.php(59): Cake\Http\Runner->__invoke(Object(Cake\Http\ServerRequest), Object(Cake\Http\Response))
#7 C:\xampp\htdocs\school\vendor\cakephp\cakephp\src\Http\Runner.php(65): Cake\Routing\Middleware\RoutingMiddleware->__invoke(Object(Cake\Http\ServerRequest), Object(Cake\Http\Response), Object(Cake\Http\Runner))
#8 C:\xampp\htdocs\school\vendor\cakephp\cakephp\src\Routing\Middleware\AssetMiddleware.php(88): Cake\Http\Runner->__invoke(Object(Cake\Http\ServerRequest), Object(Cake\Http\Response))
#9 C:\xampp\htdocs\school\vendor\cakephp\cakephp\src\Http\Runner.php(65): Cake\Routing\Middleware\AssetMiddleware->__invoke(Object(Cake\Http\ServerRequest), Object(Cake\Http\Response), Object(Cake\Http\Runner))
#10 C:\xampp\htdocs\school\vendor\cakephp\cakephp\src\Error\Middleware\ErrorHandlerMiddleware.php(93): Cake\Http\Runner->__invoke(Object(Cake\Http\ServerRequest), Object(Cake\Http\Response))
#11 C:\xampp\htdocs\school\vendor\cakephp\cakephp\src\Http\Runner.php(65): Cake\Error\Middleware\ErrorHandlerMiddleware->__invoke(Object(Cake\Http\ServerRequest), Object(Cake\Http\Response), Object(Cake\Http\Runner))
#12 C:\xampp\htdocs\school\vendor\cakephp\cakephp\src\Http\Runner.php(51): Cake\Http\Runner->__invoke(Object(Cake\Http\ServerRequest), Object(Cake\Http\Response))
#13 C:\xampp\htdocs\school\vendor\cakephp\cakephp\src\Http\Server.php(82): Cake\Http\Runner->run(Object(Cake\Http\MiddlewareQueue), Object(Cake\Http\ServerRequest), Object(Cake\Http\Response))
#14 C:\xampp\htdocs\school\webroot\index.php(37): Cake\Http\Server->run()
#15 {main}


2017-02-19 17:58:54 Error: [InvalidArgumentException] Stuffs is not associated with Clss
Request URL: /stuffs
Stack Trace:
#0 C:\xampp\htdocs\school\vendor\cakephp\cakephp\src\ORM\EagerLoader.php(321): Cake\ORM\EagerLoader->_normalizeContain(Object(App\Model\Table\StuffsTable), 'Clss', Array, Array)
#1 C:\xampp\htdocs\school\vendor\cakephp\cakephp\src\ORM\EagerLoader.php(450): Cake\ORM\EagerLoader->normalized(Object(App\Model\Table\StuffsTable))
#2 C:\xampp\htdocs\school\vendor\cakephp\cakephp\src\ORM\EagerLoader.php(421): Cake\ORM\EagerLoader->attachableAssociations(Object(App\Model\Table\StuffsTable))
#3 C:\xampp\htdocs\school\vendor\cakephp\cakephp\src\ORM\Query.php(1038): Cake\ORM\EagerLoader->attachAssociations(Object(Cake\ORM\Query), Object(App\Model\Table\StuffsTable), true)
#4 C:\xampp\htdocs\school\vendor\cakephp\cakephp\src\ORM\Query.php(989): Cake\ORM\Query->_transformQuery()
#5 C:\xampp\htdocs\school\vendor\cakephp\cakephp\src\Database\Driver\Mysql.php(136): Cake\ORM\Query->sql()
#6 C:\xampp\htdocs\school\vendor\cakephp\cakephp\src\Database\Connection.php(249): Cake\Database\Driver\Mysql->prepare(Object(Cake\ORM\Query))
#7 C:\xampp\htdocs\school\vendor\cakephp\cakephp\src\Database\Connection.php(302): Cake\Database\Connection->prepare(Object(Cake\ORM\Query))
#8 C:\xampp\htdocs\school\vendor\cakephp\cakephp\src\Database\Query.php(213): Cake\Database\Connection->run(Object(Cake\ORM\Query))
#9 C:\xampp\htdocs\school\vendor\cakephp\cakephp\src\ORM\Query.php(1011): Cake\Database\Query->execute()
#10 C:\xampp\htdocs\school\vendor\cakephp\cakephp\src\Datasource\QueryTrait.php(276): Cake\ORM\Query->_execute()
#11 C:\xampp\htdocs\school\vendor\cakephp\cakephp\src\ORM\Query.php(959): Cake\ORM\Query->_all()
#12 C:\xampp\htdocs\school\vendor\cakephp\cakephp\src\Controller\Component\PaginatorComponent.php(189): Cake\ORM\Query->all()
#13 C:\xampp\htdocs\school\vendor\cakephp\cakephp\src\Controller\Controller.php(717): Cake\Controller\Component\PaginatorComponent->paginate(Object(App\Model\Table\StuffsTable), Array)
#14 C:\xampp\htdocs\school\src\Controller\StuffsController.php(24): Cake\Controller\Controller->paginate(Object(App\Model\Table\StuffsTable))
#15 C:\xampp\htdocs\school\vendor\cakephp\cakephp\src\Controller\Controller.php(440): App\Controller\StuffsController->index()
#16 C:\xampp\htdocs\school\vendor\cakephp\cakephp\src\Http\ActionDispatcher.php(119): Cake\Controller\Controller->invokeAction()
#17 C:\xampp\htdocs\school\vendor\cakephp\cakephp\src\Http\ActionDispatcher.php(93): Cake\Http\ActionDispatcher->_invoke(Object(App\Controller\StuffsController))
#18 C:\xampp\htdocs\school\vendor\cakephp\cakephp\src\Http\BaseApplication.php(78): Cake\Http\ActionDispatcher->dispatch(Object(Cake\Http\ServerRequest), Object(Cake\Http\Response))
#19 C:\xampp\htdocs\school\vendor\cakephp\cakephp\src\Http\Runner.php(65): Cake\Http\BaseApplication->__invoke(Object(Cake\Http\ServerRequest), Object(Cake\Http\Response), Object(Cake\Http\Runner))
#20 C:\xampp\htdocs\school\vendor\cakephp\cakephp\src\Routing\Middleware\RoutingMiddleware.php(59): Cake\Http\Runner->__invoke(Object(Cake\Http\ServerRequest), Object(Cake\Http\Response))
#21 C:\xampp\htdocs\school\vendor\cakephp\cakephp\src\Http\Runner.php(65): Cake\Routing\Middleware\RoutingMiddleware->__invoke(Object(Cake\Http\ServerRequest), Object(Cake\Http\Response), Object(Cake\Http\Runner))
#22 C:\xampp\htdocs\school\vendor\cakephp\cakephp\src\Routing\Middleware\AssetMiddleware.php(88): Cake\Http\Runner->__invoke(Object(Cake\Http\ServerRequest), Object(Cake\Http\Response))
#23 C:\xampp\htdocs\school\vendor\cakephp\cakephp\src\Http\Runner.php(65): Cake\Routing\Middleware\AssetMiddleware->__invoke(Object(Cake\Http\ServerRequest), Object(Cake\Http\Response), Object(Cake\Http\Runner))
#24 C:\xampp\htdocs\school\vendor\cakephp\cakephp\src\Error\Middleware\ErrorHandlerMiddleware.php(93): Cake\Http\Runner->__invoke(Object(Cake\Http\ServerRequest), Object(Cake\Http\Response))
#25 C:\xampp\htdocs\school\vendor\cakephp\cakephp\src\Http\Runner.php(65): Cake\Error\Middleware\ErrorHandlerMiddleware->__invoke(Object(Cake\Http\ServerRequest), Object(Cake\Http\Response), Object(Cake\Http\Runner))
#26 C:\xampp\htdocs\school\vendor\cakephp\cakephp\src\Http\Runner.php(51): Cake\Http\Runner->__invoke(Object(Cake\Http\ServerRequest), Object(Cake\Http\Response))
#27 C:\xampp\htdocs\school\vendor\cakephp\cakephp\src\Http\Server.php(82): Cake\Http\Runner->run(Object(Cake\Http\MiddlewareQueue), Object(Cake\Http\ServerRequest), Object(Cake\Http\Response))
#28 C:\xampp\htdocs\school\webroot\index.php(37): Cake\Http\Server->run()
#29 {main}


2017-02-19 18:11:36 Error: [InvalidArgumentException] Clss is not associated with Sections
Request URL: /clss
Stack Trace:
#0 C:\xampp\htdocs\school\vendor\cakephp\cakephp\src\ORM\EagerLoader.php(321): Cake\ORM\EagerLoader->_normalizeContain(Object(App\Model\Table\ClssTable), 'Sections', Array, Array)
#1 C:\xampp\htdocs\school\vendor\cakephp\cakephp\src\ORM\EagerLoader.php(450): Cake\ORM\EagerLoader->normalized(Object(App\Model\Table\ClssTable))
#2 C:\xampp\htdocs\school\vendor\cakephp\cakephp\src\ORM\EagerLoader.php(421): Cake\ORM\EagerLoader->attachableAssociations(Object(App\Model\Table\ClssTable))
#3 C:\xampp\htdocs\school\vendor\cakephp\cakephp\src\ORM\Query.php(1038): Cake\ORM\EagerLoader->attachAssociations(Object(Cake\ORM\Query), Object(App\Model\Table\ClssTable), true)
#4 C:\xampp\htdocs\school\vendor\cakephp\cakephp\src\ORM\Query.php(989): Cake\ORM\Query->_transformQuery()
#5 C:\xampp\htdocs\school\vendor\cakephp\cakephp\src\Database\Driver\Mysql.php(136): Cake\ORM\Query->sql()
#6 C:\xampp\htdocs\school\vendor\cakephp\cakephp\src\Database\Connection.php(249): Cake\Database\Driver\Mysql->prepare(Object(Cake\ORM\Query))
#7 C:\xampp\htdocs\school\vendor\cakephp\cakephp\src\Database\Connection.php(302): Cake\Database\Connection->prepare(Object(Cake\ORM\Query))
#8 C:\xampp\htdocs\school\vendor\cakephp\cakephp\src\Database\Query.php(213): Cake\Database\Connection->run(Object(Cake\ORM\Query))
#9 C:\xampp\htdocs\school\vendor\cakephp\cakephp\src\ORM\Query.php(1011): Cake\Database\Query->execute()
#10 C:\xampp\htdocs\school\vendor\cakephp\cakephp\src\Datasource\QueryTrait.php(276): Cake\ORM\Query->_execute()
#11 C:\xampp\htdocs\school\vendor\cakephp\cakephp\src\ORM\Query.php(959): Cake\ORM\Query->_all()
#12 C:\xampp\htdocs\school\vendor\cakephp\cakephp\src\Controller\Component\PaginatorComponent.php(189): Cake\ORM\Query->all()
#13 C:\xampp\htdocs\school\vendor\cakephp\cakephp\src\Controller\Controller.php(717): Cake\Controller\Component\PaginatorComponent->paginate(Object(App\Model\Table\ClssTable), Array)
#14 C:\xampp\htdocs\school\src\Controller\ClssController.php(24): Cake\Controller\Controller->paginate(Object(App\Model\Table\ClssTable))
#15 C:\xampp\htdocs\school\vendor\cakephp\cakephp\src\Controller\Controller.php(440): App\Controller\ClssController->index()
#16 C:\xampp\htdocs\school\vendor\cakephp\cakephp\src\Http\ActionDispatcher.php(119): Cake\Controller\Controller->invokeAction()
#17 C:\xampp\htdocs\school\vendor\cakephp\cakephp\src\Http\ActionDispatcher.php(93): Cake\Http\ActionDispatcher->_invoke(Object(App\Controller\ClssController))
#18 C:\xampp\htdocs\school\vendor\cakephp\cakephp\src\Http\BaseApplication.php(78): Cake\Http\ActionDispatcher->dispatch(Object(Cake\Http\ServerRequest), Object(Cake\Http\Response))
#19 C:\xampp\htdocs\school\vendor\cakephp\cakephp\src\Http\Runner.php(65): Cake\Http\BaseApplication->__invoke(Object(Cake\Http\ServerRequest), Object(Cake\Http\Response), Object(Cake\Http\Runner))
#20 C:\xampp\htdocs\school\vendor\cakephp\cakephp\src\Routing\Middleware\RoutingMiddleware.php(59): Cake\Http\Runner->__invoke(Object(Cake\Http\ServerRequest), Object(Cake\Http\Response))
#21 C:\xampp\htdocs\school\vendor\cakephp\cakephp\src\Http\Runner.php(65): Cake\Routing\Middleware\RoutingMiddleware->__invoke(Object(Cake\Http\ServerRequest), Object(Cake\Http\Response), Object(Cake\Http\Runner))
#22 C:\xampp\htdocs\school\vendor\cakephp\cakephp\src\Routing\Middleware\AssetMiddleware.php(88): Cake\Http\Runner->__invoke(Object(Cake\Http\ServerRequest), Object(Cake\Http\Response))
#23 C:\xampp\htdocs\school\vendor\cakephp\cakephp\src\Http\Runner.php(65): Cake\Routing\Middleware\AssetMiddleware->__invoke(Object(Cake\Http\ServerRequest), Object(Cake\Http\Response), Object(Cake\Http\Runner))
#24 C:\xampp\htdocs\school\vendor\cakephp\cakephp\src\Error\Middleware\ErrorHandlerMiddleware.php(93): Cake\Http\Runner->__invoke(Object(Cake\Http\ServerRequest), Object(Cake\Http\Response))
#25 C:\xampp\htdocs\school\vendor\cakephp\cakephp\src\Http\Runner.php(65): Cake\Error\Middleware\ErrorHandlerMiddleware->__invoke(Object(Cake\Http\ServerRequest), Object(Cake\Http\Response), Object(Cake\Http\Runner))
#26 C:\xampp\htdocs\school\vendor\cakephp\cakephp\src\Http\Runner.php(51): Cake\Http\Runner->__invoke(Object(Cake\Http\ServerRequest), Object(Cake\Http\Response))
#27 C:\xampp\htdocs\school\vendor\cakephp\cakephp\src\Http\Server.php(82): Cake\Http\Runner->run(Object(Cake\Http\MiddlewareQueue), Object(Cake\Http\ServerRequest), Object(Cake\Http\Response))
#28 C:\xampp\htdocs\school\webroot\index.php(37): Cake\Http\Server->run()
#29 {main}


2017-02-19 18:29:38 Error: [Cake\Routing\Exception\MissingControllerException] Controller class Class could not be found.
Exception Attributes: array (
  'class' => 'Class',
  'plugin' => false,
  'prefix' => false,
  '_ext' => false,
)
Request URL: /class
Referer URL: http://localhost/school/class
Stack Trace:
#0 C:\xampp\htdocs\school\vendor\cakephp\cakephp\src\Http\ControllerFactory.php(70): Cake\Http\ControllerFactory->missingController(Object(Cake\Http\ServerRequest))
#1 C:\xampp\htdocs\school\vendor\cakephp\cakephp\src\Http\ActionDispatcher.php(90): Cake\Http\ControllerFactory->create(Object(Cake\Http\ServerRequest), Object(Cake\Http\Response))
#2 C:\xampp\htdocs\school\vendor\cakephp\cakephp\src\Http\BaseApplication.php(78): Cake\Http\ActionDispatcher->dispatch(Object(Cake\Http\ServerRequest), Object(Cake\Http\Response))
#3 C:\xampp\htdocs\school\vendor\cakephp\cakephp\src\Http\Runner.php(65): Cake\Http\BaseApplication->__invoke(Object(Cake\Http\ServerRequest), Object(Cake\Http\Response), Object(Cake\Http\Runner))
#4 C:\xampp\htdocs\school\vendor\cakephp\cakephp\src\Routing\Middleware\RoutingMiddleware.php(59): Cake\Http\Runner->__invoke(Object(Cake\Http\ServerRequest), Object(Cake\Http\Response))
#5 C:\xampp\htdocs\school\vendor\cakephp\cakephp\src\Http\Runner.php(65): Cake\Routing\Middleware\RoutingMiddleware->__invoke(Object(Cake\Http\ServerRequest), Object(Cake\Http\Response), Object(Cake\Http\Runner))
#6 C:\xampp\htdocs\school\vendor\cakephp\cakephp\src\Routing\Middleware\AssetMiddleware.php(88): Cake\Http\Runner->__invoke(Object(Cake\Http\ServerRequest), Object(Cake\Http\Response))
#7 C:\xampp\htdocs\school\vendor\cakephp\cakephp\src\Http\Runner.php(65): Cake\Routing\Middleware\AssetMiddleware->__invoke(Object(Cake\Http\ServerRequest), Object(Cake\Http\Response), Object(Cake\Http\Runner))
#8 C:\xampp\htdocs\school\vendor\cakephp\cakephp\src\Error\Middleware\ErrorHandlerMiddleware.php(93): Cake\Http\Runner->__invoke(Object(Cake\Http\ServerRequest), Object(Cake\Http\Response))
#9 C:\xampp\htdocs\school\vendor\cakephp\cakephp\src\Http\Runner.php(65): Cake\Error\Middleware\ErrorHandlerMiddleware->__invoke(Object(Cake\Http\ServerRequest), Object(Cake\Http\Response), Object(Cake\Http\Runner))
#10 C:\xampp\htdocs\school\vendor\cakephp\cakephp\src\Http\Runner.php(51): Cake\Http\Runner->__invoke(Object(Cake\Http\ServerRequest), Object(Cake\Http\Response))
#11 C:\xampp\htdocs\school\vendor\cakephp\cakephp\src\Http\Server.php(82): Cake\Http\Runner->run(Object(Cake\Http\MiddlewareQueue), Object(Cake\Http\ServerRequest), Object(Cake\Http\Response))
#12 C:\xampp\htdocs\school\webroot\index.php(37): Cake\Http\Server->run()
#13 {main}


2017-02-19 18:30:11 Error: [Cake\Controller\Exception\MissingActionException] Action Controller::index() could not be found, or is not accessible.
Exception Attributes: array (
  'controller' => 'Controller',
  'action' => 'index',
  'prefix' => '',
  'plugin' => false,
)
Request URL: /students
Referer URL: http://localhost/school/rosters
Stack Trace:
#0 C:\xampp\htdocs\school\vendor\cakephp\cakephp\src\Http\ActionDispatcher.php(119): Cake\Controller\Controller->invokeAction()
#1 C:\xampp\htdocs\school\vendor\cakephp\cakephp\src\Http\ActionDispatcher.php(93): Cake\Http\ActionDispatcher->_invoke(Object(Cake\Controller\Controller))
#2 C:\xampp\htdocs\school\vendor\cakephp\cakephp\src\Http\BaseApplication.php(78): Cake\Http\ActionDispatcher->dispatch(Object(Cake\Http\ServerRequest), Object(Cake\Http\Response))
#3 C:\xampp\htdocs\school\vendor\cakephp\cakephp\src\Http\Runner.php(65): Cake\Http\BaseApplication->__invoke(Object(Cake\Http\ServerRequest), Object(Cake\Http\Response), Object(Cake\Http\Runner))
#4 C:\xampp\htdocs\school\vendor\cakephp\cakephp\src\Routing\Middleware\RoutingMiddleware.php(59): Cake\Http\Runner->__invoke(Object(Cake\Http\ServerRequest), Object(Cake\Http\Response))
#5 C:\xampp\htdocs\school\vendor\cakephp\cakephp\src\Http\Runner.php(65): Cake\Routing\Middleware\RoutingMiddleware->__invoke(Object(Cake\Http\ServerRequest), Object(Cake\Http\Response), Object(Cake\Http\Runner))
#6 C:\xampp\htdocs\school\vendor\cakephp\cakephp\src\Routing\Middleware\AssetMiddleware.php(88): Cake\Http\Runner->__invoke(Object(Cake\Http\ServerRequest), Object(Cake\Http\Response))
#7 C:\xampp\htdocs\school\vendor\cakephp\cakephp\src\Http\Runner.php(65): Cake\Routing\Middleware\AssetMiddleware->__invoke(Object(Cake\Http\ServerRequest), Object(Cake\Http\Response), Object(Cake\Http\Runner))
#8 C:\xampp\htdocs\school\vendor\cakephp\cakephp\src\Error\Middleware\ErrorHandlerMiddleware.php(93): Cake\Http\Runner->__invoke(Object(Cake\Http\ServerRequest), Object(Cake\Http\Response))
#9 C:\xampp\htdocs\school\vendor\cakephp\cakephp\src\Http\Runner.php(65): Cake\Error\Middleware\ErrorHandlerMiddleware->__invoke(Object(Cake\Http\ServerRequest), Object(Cake\Http\Response), Object(Cake\Http\Runner))
#10 C:\xampp\htdocs\school\vendor\cakephp\cakephp\src\Http\Runner.php(51): Cake\Http\Runner->__invoke(Object(Cake\Http\ServerRequest), Object(Cake\Http\Response))
#11 C:\xampp\htdocs\school\vendor\cakephp\cakephp\src\Http\Server.php(82): Cake\Http\Runner->run(Object(Cake\Http\MiddlewareQueue), Object(Cake\Http\ServerRequest), Object(Cake\Http\Response))
#12 C:\xampp\htdocs\school\webroot\index.php(37): Cake\Http\Server->run()
#13 {main}


2017-02-20 05:30:27 Error: Fatal Error (1): Maximum execution time of 30 seconds exceeded in [C:\xampp\htdocs\school\vendor\cakephp\debug_kit\config\bootstrap.php, line 21]
Trace:
Cake\Error\BaseErrorHandler::handleFatalError() - CORE\src\Error\BaseErrorHandler.php, line 223
Cake\Error\BaseErrorHandler::Cake\Error\{closure}() - CORE\src\Error\BaseErrorHandler.php, line 105
[main] - [internal], line ??



2017-02-20 05:30:48 Error: [Cake\Error\FatalErrorException] Maximum execution time of 30 seconds exceeded
Stack Trace:
#0 C:\xampp\htdocs\school\vendor\cakephp\cakephp\src\Error\BaseErrorHandler.php(105): Cake\Error\BaseErrorHandler->handleFatalError(1, 'Maximum executi...', 'C:\\xampp\\htdocs...', 21)
#1 [internal function]: Cake\Error\BaseErrorHandler->Cake\Error\{closure}()
#2 {main}


2017-02-20 05:31:52 Error: Fatal Error (1): Maximum execution time of 30 seconds exceeded in [C:\xampp\htdocs\school\vendor\cakephp\cakephp\src\Database\Query.php, line 32]
Request URL: /attendences
Trace:
Cake\Error\BaseErrorHandler::handleFatalError() - CORE\src\Error\BaseErrorHandler.php, line 223
Cake\Error\BaseErrorHandler::Cake\Error\{closure}() - CORE\src\Error\BaseErrorHandler.php, line 105
[main] - [internal], line ??



2017-02-20 05:32:05 Error: Fatal Error (1): Maximum execution time of 30 seconds exceeded in [C:\xampp\htdocs\school\vendor\cakephp\cakephp\src\Database\Type\FloatType.php, line 28]
Request URL: /
Trace:
Cake\Error\BaseErrorHandler::handleFatalError() - CORE\src\Error\BaseErrorHandler.php, line 223
Cake\Error\BaseErrorHandler::Cake\Error\{closure}() - CORE\src\Error\BaseErrorHandler.php, line 105
[main] - [internal], line ??



2017-02-20 05:59:37 Error: [Cake\Routing\Exception\MissingControllerException] Controller class Classes could not be found.
Exception Attributes: array (
  'class' => 'Classes',
  'plugin' => false,
  'prefix' => false,
  '_ext' => 'json',
)
Request URL: /classes.json
Stack Trace:
#0 C:\xampp\htdocs\school\vendor\cakephp\cakephp\src\Http\ControllerFactory.php(70): Cake\Http\ControllerFactory->missingController(Object(Cake\Http\ServerRequest))
#1 C:\xampp\htdocs\school\vendor\cakephp\cakephp\src\Http\ActionDispatcher.php(90): Cake\Http\ControllerFactory->create(Object(Cake\Http\ServerRequest), Object(Cake\Http\Response))
#2 C:\xampp\htdocs\school\vendor\cakephp\cakephp\src\Http\BaseApplication.php(78): Cake\Http\ActionDispatcher->dispatch(Object(Cake\Http\ServerRequest), Object(Cake\Http\Response))
#3 C:\xampp\htdocs\school\vendor\cakephp\cakephp\src\Http\Runner.php(65): Cake\Http\BaseApplication->__invoke(Object(Cake\Http\ServerRequest), Object(Cake\Http\Response), Object(Cake\Http\Runner))
#4 C:\xampp\htdocs\school\vendor\cakephp\cakephp\src\Routing\Middleware\RoutingMiddleware.php(59): Cake\Http\Runner->__invoke(Object(Cake\Http\ServerRequest), Object(Cake\Http\Response))
#5 C:\xampp\htdocs\school\vendor\cakephp\cakephp\src\Http\Runner.php(65): Cake\Routing\Middleware\RoutingMiddleware->__invoke(Object(Cake\Http\ServerRequest), Object(Cake\Http\Response), Object(Cake\Http\Runner))
#6 C:\xampp\htdocs\school\vendor\cakephp\cakephp\src\Routing\Middleware\AssetMiddleware.php(93): Cake\Http\Runner->__invoke(Object(Cake\Http\ServerRequest), Object(Cake\Http\Response))
#7 C:\xampp\htdocs\school\vendor\cakephp\cakephp\src\Http\Runner.php(65): Cake\Routing\Middleware\AssetMiddleware->__invoke(Object(Cake\Http\ServerRequest), Object(Cake\Http\Response), Object(Cake\Http\Runner))
#8 C:\xampp\htdocs\school\vendor\cakephp\cakephp\src\Error\Middleware\ErrorHandlerMiddleware.php(93): Cake\Http\Runner->__invoke(Object(Cake\Http\ServerRequest), Object(Cake\Http\Response))
#9 C:\xampp\htdocs\school\vendor\cakephp\cakephp\src\Http\Runner.php(65): Cake\Error\Middleware\ErrorHandlerMiddleware->__invoke(Object(Cake\Http\ServerRequest), Object(Cake\Http\Response), Object(Cake\Http\Runner))
#10 C:\xampp\htdocs\school\vendor\cakephp\cakephp\src\Http\Runner.php(51): Cake\Http\Runner->__invoke(Object(Cake\Http\ServerRequest), Object(Cake\Http\Response))
#11 C:\xampp\htdocs\school\vendor\cakephp\cakephp\src\Http\Server.php(82): Cake\Http\Runner->run(Object(Cake\Http\MiddlewareQueue), Object(Cake\Http\ServerRequest), Object(Cake\Http\Response))
#12 C:\xampp\htdocs\school\webroot\index.php(37): Cake\Http\Server->run()
#13 {main}


2017-02-20 06:00:37 Error: [Cake\Routing\Exception\MissingControllerException] Controller class Attendences.xml could not be found.
Exception Attributes: array (
  'class' => 'Attendences.xml',
  'plugin' => false,
  'prefix' => false,
  '_ext' => false,
)
Request URL: /attendences.xml
Stack Trace:
#0 C:\xampp\htdocs\school\vendor\cakephp\cakephp\src\Http\ControllerFactory.php(65): Cake\Http\ControllerFactory->missingController(Object(Cake\Http\ServerRequest))
#1 C:\xampp\htdocs\school\vendor\cakephp\cakephp\src\Http\ActionDispatcher.php(90): Cake\Http\ControllerFactory->create(Object(Cake\Http\ServerRequest), Object(Cake\Http\Response))
#2 C:\xampp\htdocs\school\vendor\cakephp\cakephp\src\Http\BaseApplication.php(78): Cake\Http\ActionDispatcher->dispatch(Object(Cake\Http\ServerRequest), Object(Cake\Http\Response))
#3 C:\xampp\htdocs\school\vendor\cakephp\cakephp\src\Http\Runner.php(65): Cake\Http\BaseApplication->__invoke(Object(Cake\Http\ServerRequest), Object(Cake\Http\Response), Object(Cake\Http\Runner))
#4 C:\xampp\htdocs\school\vendor\cakephp\cakephp\src\Routing\Middleware\RoutingMiddleware.php(59): Cake\Http\Runner->__invoke(Object(Cake\Http\ServerRequest), Object(Cake\Http\Response))
#5 C:\xampp\htdocs\school\vendor\cakephp\cakephp\src\Http\Runner.php(65): Cake\Routing\Middleware\RoutingMiddleware->__invoke(Object(Cake\Http\ServerRequest), Object(Cake\Http\Response), Object(Cake\Http\Runner))
#6 C:\xampp\htdocs\school\vendor\cakephp\cakephp\src\Routing\Middleware\AssetMiddleware.php(93): Cake\Http\Runner->__invoke(Object(Cake\Http\ServerRequest), Object(Cake\Http\Response))
#7 C:\xampp\htdocs\school\vendor\cakephp\cakephp\src\Http\Runner.php(65): Cake\Routing\Middleware\AssetMiddleware->__invoke(Object(Cake\Http\ServerRequest), Object(Cake\Http\Response), Object(Cake\Http\Runner))
#8 C:\xampp\htdocs\school\vendor\cakephp\cakephp\src\Error\Middleware\ErrorHandlerMiddleware.php(93): Cake\Http\Runner->__invoke(Object(Cake\Http\ServerRequest), Object(Cake\Http\Response))
#9 C:\xampp\htdocs\school\vendor\cakephp\cakephp\src\Http\Runner.php(65): Cake\Error\Middleware\ErrorHandlerMiddleware->__invoke(Object(Cake\Http\ServerRequest), Object(Cake\Http\Response), Object(Cake\Http\Runner))
#10 C:\xampp\htdocs\school\vendor\cakephp\cakephp\src\Http\Runner.php(51): Cake\Http\Runner->__invoke(Object(Cake\Http\ServerRequest), Object(Cake\Http\Response))
#11 C:\xampp\htdocs\school\vendor\cakephp\cakephp\src\Http\Server.php(82): Cake\Http\Runner->run(Object(Cake\Http\MiddlewareQueue), Object(Cake\Http\ServerRequest), Object(Cake\Http\Response))
#12 C:\xampp\htdocs\school\webroot\index.php(37): Cake\Http\Server->run()
#13 {main}


2017-02-20 06:17:18 Error: [Cake\Routing\Exception\MissingControllerException] Controller class Studenys could not be found.
Exception Attributes: array (
  'class' => 'Studenys',
  'plugin' => false,
  'prefix' => false,
  '_ext' => false,
)
Request URL: /studenys
Stack Trace:
#0 C:\xampp\htdocs\school\vendor\cakephp\cakephp\src\Http\ControllerFactory.php(70): Cake\Http\ControllerFactory->missingController(Object(Cake\Http\ServerRequest))
#1 C:\xampp\htdocs\school\vendor\cakephp\cakephp\src\Http\ActionDispatcher.php(90): Cake\Http\ControllerFactory->create(Object(Cake\Http\ServerRequest), Object(Cake\Http\Response))
#2 C:\xampp\htdocs\school\vendor\cakephp\cakephp\src\Http\BaseApplication.php(78): Cake\Http\ActionDispatcher->dispatch(Object(Cake\Http\ServerRequest), Object(Cake\Http\Response))
#3 C:\xampp\htdocs\school\vendor\cakephp\cakephp\src\Http\Runner.php(65): Cake\Http\BaseApplication->__invoke(Object(Cake\Http\ServerRequest), Object(Cake\Http\Response), Object(Cake\Http\Runner))
#4 C:\xampp\htdocs\school\vendor\cakephp\cakephp\src\Routing\Middleware\RoutingMiddleware.php(59): Cake\Http\Runner->__invoke(Object(Cake\Http\ServerRequest), Object(Cake\Http\Response))
#5 C:\xampp\htdocs\school\vendor\cakephp\cakephp\src\Http\Runner.php(65): Cake\Routing\Middleware\RoutingMiddleware->__invoke(Object(Cake\Http\ServerRequest), Object(Cake\Http\Response), Object(Cake\Http\Runner))
#6 C:\xampp\htdocs\school\vendor\cakephp\cakephp\src\Routing\Middleware\AssetMiddleware.php(88): Cake\Http\Runner->__invoke(Object(Cake\Http\ServerRequest), Object(Cake\Http\Response))
#7 C:\xampp\htdocs\school\vendor\cakephp\cakephp\src\Http\Runner.php(65): Cake\Routing\Middleware\AssetMiddleware->__invoke(Object(Cake\Http\ServerRequest), Object(Cake\Http\Response), Object(Cake\Http\Runner))
#8 C:\xampp\htdocs\school\vendor\cakephp\cakephp\src\Error\Middleware\ErrorHandlerMiddleware.php(93): Cake\Http\Runner->__invoke(Object(Cake\Http\ServerRequest), Object(Cake\Http\Response))
#9 C:\xampp\htdocs\school\vendor\cakephp\cakephp\src\Http\Runner.php(65): Cake\Error\Middleware\ErrorHandlerMiddleware->__invoke(Object(Cake\Http\ServerRequest), Object(Cake\Http\Response), Object(Cake\Http\Runner))
#10 C:\xampp\htdocs\school\vendor\cakephp\cakephp\src\Http\Runner.php(51): Cake\Http\Runner->__invoke(Object(Cake\Http\ServerRequest), Object(Cake\Http\Response))
#11 C:\xampp\htdocs\school\vendor\cakephp\cakephp\src\Http\Server.php(82): Cake\Http\Runner->run(Object(Cake\Http\MiddlewareQueue), Object(Cake\Http\ServerRequest), Object(Cake\Http\Response))
#12 C:\xampp\htdocs\school\webroot\index.php(37): Cake\Http\Server->run()
#13 {main}


2017-02-20 06:55:16 Error: Fatal Error (4): syntax error, unexpected '=>' (T_DOUBLE_ARROW) in [C:\xampp\htdocs\school\src\Template\Layout\default.ctp, line 36]
Request URL: /attendences
Referer URL: http://localhost/school/clss/view/25
Trace:
Cake\Error\BaseErrorHandler::handleFatalError() - CORE\src\Error\BaseErrorHandler.php, line 223
Cake\Error\BaseErrorHandler::Cake\Error\{closure}() - CORE\src\Error\BaseErrorHandler.php, line 105
[main] - [internal], line ??



2017-02-20 06:55:17 Error: [Cake\Error\FatalErrorException] syntax error, unexpected '=>' (T_DOUBLE_ARROW)
Request URL: /attendences
Referer URL: http://localhost/school/clss/view/25
Stack Trace:
#0 C:\xampp\htdocs\school\vendor\cakephp\cakephp\src\Error\BaseErrorHandler.php(105): Cake\Error\BaseErrorHandler->handleFatalError(4, 'syntax error, u...', 'C:\\xampp\\htdocs...', 36)
#1 [internal function]: Cake\Error\BaseErrorHandler->Cake\Error\{closure}()
#2 {main}


2017-02-20 07:19:50 Error: Fatal Error (4): syntax error, unexpected 'bg' (T_STRING), expecting ']' in [C:\xampp\htdocs\school\src\Template\Layout\default.ctp, line 36]
Request URL: /attendences
Trace:
Cake\Error\BaseErrorHandler::handleFatalError() - CORE\src\Error\BaseErrorHandler.php, line 223
Cake\Error\BaseErrorHandler::Cake\Error\{closure}() - CORE\src\Error\BaseErrorHandler.php, line 105
[main] - [internal], line ??



2017-02-20 07:19:50 Error: [Cake\Error\FatalErrorException] syntax error, unexpected 'bg' (T_STRING), expecting ']'
Request URL: /attendences
Stack Trace:
#0 C:\xampp\htdocs\school\vendor\cakephp\cakephp\src\Error\BaseErrorHandler.php(105): Cake\Error\BaseErrorHandler->handleFatalError(4, 'syntax error, u...', 'C:\\xampp\\htdocs...', 36)
#1 [internal function]: Cake\Error\BaseErrorHandler->Cake\Error\{closure}()
#2 {main}


2017-02-20 14:56:56 Error: Fatal Error (4): syntax error, unexpected '<' in [C:\xampp\htdocs\school\src\Template\Clss\index.ctp, line 21]
Request URL: /classes
Referer URL: http://localhost/school/attendences
Trace:
Cake\Error\BaseErrorHandler::handleFatalError() - CORE\src\Error\BaseErrorHandler.php, line 223
Cake\Error\BaseErrorHandler::Cake\Error\{closure}() - CORE\src\Error\BaseErrorHandler.php, line 105
[main] - [internal], line ??



2017-02-20 14:56:57 Error: [Cake\Error\FatalErrorException] syntax error, unexpected '<'
Request URL: /classes
Referer URL: http://localhost/school/attendences
Stack Trace:
#0 C:\xampp\htdocs\school\vendor\cakephp\cakephp\src\Error\BaseErrorHandler.php(105): Cake\Error\BaseErrorHandler->handleFatalError(4, 'syntax error, u...', 'C:\\xampp\\htdocs...', 21)
#1 [internal function]: Cake\Error\BaseErrorHandler->Cake\Error\{closure}()
#2 {main}


2017-02-20 15:22:52 Error: [RuntimeException] Unable to find table class for current entity
Request URL: /classes
Referer URL: http://localhost/school/clss/add
Stack Trace:
#0 C:\xampp\htdocs\school\vendor\cakephp\cakephp\src\View\Form\EntityContext.php(106): Cake\View\Form\EntityContext->_prepare()
#1 C:\xampp\htdocs\school\vendor\cakephp\cakephp\src\View\Helper\FormHelper.php(276): Cake\View\Form\EntityContext->__construct(Object(Cake\Http\ServerRequest), Array)
#2 C:\xampp\htdocs\school\vendor\cakephp\cakephp\src\View\Helper\FormHelper.php(2685): Cake\View\Helper\FormHelper->Cake\View\Helper\{closure}(Object(Cake\Http\ServerRequest), Array)
#3 C:\xampp\htdocs\school\vendor\cakephp\cakephp\src\View\Helper\FormHelper.php(339): Cake\View\Helper\FormHelper->_getContext(Array)
#4 C:\xampp\htdocs\school\src\Template\Clss\index.ctp(19): Cake\View\Helper\FormHelper->create(Array)
#5 C:\xampp\htdocs\school\vendor\cakephp\cakephp\src\View\View.php(1010): include('C:\\xampp\\htdocs...')
#6 C:\xampp\htdocs\school\vendor\cakephp\cakephp\src\View\View.php(971): Cake\View\View->_evaluate('C:\\xampp\\htdocs...', Array)
#7 C:\xampp\htdocs\school\vendor\cakephp\cakephp\src\View\View.php(595): Cake\View\View->_render('C:\\xampp\\htdocs...')
#8 C:\xampp\htdocs\school\vendor\cakephp\cakephp\src\Controller\Controller.php(623): Cake\View\View->render(NULL, NULL)
#9 C:\xampp\htdocs\school\vendor\cakephp\cakephp\src\Http\ActionDispatcher.php(125): Cake\Controller\Controller->render()
#10 C:\xampp\htdocs\school\vendor\cakephp\cakephp\src\Http\ActionDispatcher.php(93): Cake\Http\ActionDispatcher->_invoke(Object(App\Controller\ClssController))
#11 C:\xampp\htdocs\school\vendor\cakephp\cakephp\src\Http\BaseApplication.php(78): Cake\Http\ActionDispatcher->dispatch(Object(Cake\Http\ServerRequest), Object(Cake\Http\Response))
#12 C:\xampp\htdocs\school\vendor\cakephp\cakephp\src\Http\Runner.php(65): Cake\Http\BaseApplication->__invoke(Object(Cake\Http\ServerRequest), Object(Cake\Http\Response), Object(Cake\Http\Runner))
#13 C:\xampp\htdocs\school\vendor\cakephp\cakephp\src\Routing\Middleware\RoutingMiddleware.php(59): Cake\Http\Runner->__invoke(Object(Cake\Http\ServerRequest), Object(Cake\Http\Response))
#14 C:\xampp\htdocs\school\vendor\cakephp\cakephp\src\Http\Runner.php(65): Cake\Routing\Middleware\RoutingMiddleware->__invoke(Object(Cake\Http\ServerRequest), Object(Cake\Http\Response), Object(Cake\Http\Runner))
#15 C:\xampp\htdocs\school\vendor\cakephp\cakephp\src\Routing\Middleware\AssetMiddleware.php(88): Cake\Http\Runner->__invoke(Object(Cake\Http\ServerRequest), Object(Cake\Http\Response))
#16 C:\xampp\htdocs\school\vendor\cakephp\cakephp\src\Http\Runner.php(65): Cake\Routing\Middleware\AssetMiddleware->__invoke(Object(Cake\Http\ServerRequest), Object(Cake\Http\Response), Object(Cake\Http\Runner))
#17 C:\xampp\htdocs\school\vendor\cakephp\cakephp\src\Error\Middleware\ErrorHandlerMiddleware.php(93): Cake\Http\Runner->__invoke(Object(Cake\Http\ServerRequest), Object(Cake\Http\Response))
#18 C:\xampp\htdocs\school\vendor\cakephp\cakephp\src\Http\Runner.php(65): Cake\Error\Middleware\ErrorHandlerMiddleware->__invoke(Object(Cake\Http\ServerRequest), Object(Cake\Http\Response), Object(Cake\Http\Runner))
#19 C:\xampp\htdocs\school\vendor\cakephp\cakephp\src\Http\Runner.php(51): Cake\Http\Runner->__invoke(Object(Cake\Http\ServerRequest), Object(Cake\Http\Response))
#20 C:\xampp\htdocs\school\vendor\cakephp\cakephp\src\Http\Server.php(82): Cake\Http\Runner->run(Object(Cake\Http\MiddlewareQueue), Object(Cake\Http\ServerRequest), Object(Cake\Http\Response))
#21 C:\xampp\htdocs\school\webroot\index.php(37): Cake\Http\Server->run()
#22 {main}


2017-02-26 03:00:09 Error: Fatal Error (4): syntax error, unexpected ''type'' (T_CONSTANT_ENCAPSED_STRING), expecting ']' in [C:\xampp\htdocs\school\src\Template\Clss\index.ctp, line 19]
Request URL: /classes
Referer URL: http://localhost/school/rooms
Trace:
Cake\Error\BaseErrorHandler::handleFatalError() - CORE\src\Error\BaseErrorHandler.php, line 223
Cake\Error\BaseErrorHandler::Cake\Error\{closure}() - CORE\src\Error\BaseErrorHandler.php, line 105
[main] - [internal], line ??



2017-02-26 03:00:10 Error: [Cake\Error\FatalErrorException] syntax error, unexpected ''type'' (T_CONSTANT_ENCAPSED_STRING), expecting ']'
Request URL: /classes
Referer URL: http://localhost/school/rooms
Stack Trace:
#0 C:\xampp\htdocs\school\vendor\cakephp\cakephp\src\Error\BaseErrorHandler.php(105): Cake\Error\BaseErrorHandler->handleFatalError(4, 'syntax error, u...', 'C:\\xampp\\htdocs...', 19)
#1 [internal function]: Cake\Error\BaseErrorHandler->Cake\Error\{closure}()
#2 {main}


2017-02-26 07:14:38 Error: Fatal Error (4): syntax error, unexpected 'echo' (T_ECHO) in [C:\xampp\htdocs\school\src\Template\Attendences\index.ctp, line 45]
Request URL: /attendences
Referer URL: http://localhost/school/classes
Trace:
Cake\Error\BaseErrorHandler::handleFatalError() - CORE\src\Error\BaseErrorHandler.php, line 223
Cake\Error\BaseErrorHandler::Cake\Error\{closure}() - CORE\src\Error\BaseErrorHandler.php, line 105
[main] - [internal], line ??



2017-02-26 07:14:38 Error: [Cake\Error\FatalErrorException] syntax error, unexpected 'echo' (T_ECHO)
Request URL: /attendences
Referer URL: http://localhost/school/classes
Stack Trace:
#0 C:\xampp\htdocs\school\vendor\cakephp\cakephp\src\Error\BaseErrorHandler.php(105): Cake\Error\BaseErrorHandler->handleFatalError(4, 'syntax error, u...', 'C:\\xampp\\htdocs...', 45)
#1 [internal function]: Cake\Error\BaseErrorHandler->Cake\Error\{closure}()
#2 {main}


2017-02-26 07:18:21 Error: Fatal Error (4): syntax error, unexpected 'echo' (T_ECHO) in [C:\xampp\htdocs\school\src\Template\Attendences\index.ctp, line 45]
Request URL: /attendences
Trace:
Cake\Error\BaseErrorHandler::handleFatalError() - CORE\src\Error\BaseErrorHandler.php, line 223
Cake\Error\BaseErrorHandler::Cake\Error\{closure}() - CORE\src\Error\BaseErrorHandler.php, line 105
[main] - [internal], line ??



2017-02-26 07:18:22 Error: [Cake\Error\FatalErrorException] syntax error, unexpected 'echo' (T_ECHO)
Request URL: /attendences
Stack Trace:
#0 C:\xampp\htdocs\school\vendor\cakephp\cakephp\src\Error\BaseErrorHandler.php(105): Cake\Error\BaseErrorHandler->handleFatalError(4, 'syntax error, u...', 'C:\\xampp\\htdocs...', 45)
#1 [internal function]: Cake\Error\BaseErrorHandler->Cake\Error\{closure}()
#2 {main}


2017-02-26 07:52:04 Error: [Cake\Routing\Exception\MissingControllerException] Controller class Classes could not be found.
Exception Attributes: array (
  'class' => 'Classes',
  'plugin' => false,
  'prefix' => false,
  '_ext' => 'json',
)
Request URL: /classes.json
Stack Trace:
#0 C:\xampp\htdocs\school\vendor\cakephp\cakephp\src\Http\ControllerFactory.php(70): Cake\Http\ControllerFactory->missingController(Object(Cake\Http\ServerRequest))
#1 C:\xampp\htdocs\school\vendor\cakephp\cakephp\src\Http\ActionDispatcher.php(90): Cake\Http\ControllerFactory->create(Object(Cake\Http\ServerRequest), Object(Cake\Http\Response))
#2 C:\xampp\htdocs\school\vendor\cakephp\cakephp\src\Http\BaseApplication.php(78): Cake\Http\ActionDispatcher->dispatch(Object(Cake\Http\ServerRequest), Object(Cake\Http\Response))
#3 C:\xampp\htdocs\school\vendor\cakephp\cakephp\src\Http\Runner.php(65): Cake\Http\BaseApplication->__invoke(Object(Cake\Http\ServerRequest), Object(Cake\Http\Response), Object(Cake\Http\Runner))
#4 C:\xampp\htdocs\school\vendor\cakephp\cakephp\src\Routing\Middleware\RoutingMiddleware.php(59): Cake\Http\Runner->__invoke(Object(Cake\Http\ServerRequest), Object(Cake\Http\Response))
#5 C:\xampp\htdocs\school\vendor\cakephp\cakephp\src\Http\Runner.php(65): Cake\Routing\Middleware\RoutingMiddleware->__invoke(Object(Cake\Http\ServerRequest), Object(Cake\Http\Response), Object(Cake\Http\Runner))
#6 C:\xampp\htdocs\school\vendor\cakephp\cakephp\src\Routing\Middleware\AssetMiddleware.php(93): Cake\Http\Runner->__invoke(Object(Cake\Http\ServerRequest), Object(Cake\Http\Response))
#7 C:\xampp\htdocs\school\vendor\cakephp\cakephp\src\Http\Runner.php(65): Cake\Routing\Middleware\AssetMiddleware->__invoke(Object(Cake\Http\ServerRequest), Object(Cake\Http\Response), Object(Cake\Http\Runner))
#8 C:\xampp\htdocs\school\vendor\cakephp\cakephp\src\Error\Middleware\ErrorHandlerMiddleware.php(93): Cake\Http\Runner->__invoke(Object(Cake\Http\ServerRequest), Object(Cake\Http\Response))
#9 C:\xampp\htdocs\school\vendor\cakephp\cakephp\src\Http\Runner.php(65): Cake\Error\Middleware\ErrorHandlerMiddleware->__invoke(Object(Cake\Http\ServerRequest), Object(Cake\Http\Response), Object(Cake\Http\Runner))
#10 C:\xampp\htdocs\school\vendor\cakephp\cakephp\src\Http\Runner.php(51): Cake\Http\Runner->__invoke(Object(Cake\Http\ServerRequest), Object(Cake\Http\Response))
#11 C:\xampp\htdocs\school\vendor\cakephp\cakephp\src\Http\Server.php(82): Cake\Http\Runner->run(Object(Cake\Http\MiddlewareQueue), Object(Cake\Http\ServerRequest), Object(Cake\Http\Response))
#12 C:\xampp\htdocs\school\webroot\index.php(37): Cake\Http\Server->run()
#13 {main}


2017-02-26 07:52:44 Error: [Cake\Routing\Exception\MissingControllerException] Controller class Classes could not be found.
Exception Attributes: array (
  'class' => 'Classes',
  'plugin' => false,
  'prefix' => false,
  '_ext' => 'json',
)
Request URL: /classes.json
Stack Trace:
#0 C:\xampp\htdocs\school\vendor\cakephp\cakephp\src\Http\ControllerFactory.php(70): Cake\Http\ControllerFactory->missingController(Object(Cake\Http\ServerRequest))
#1 C:\xampp\htdocs\school\vendor\cakephp\cakephp\src\Http\ActionDispatcher.php(90): Cake\Http\ControllerFactory->create(Object(Cake\Http\ServerRequest), Object(Cake\Http\Response))
#2 C:\xampp\htdocs\school\vendor\cakephp\cakephp\src\Http\BaseApplication.php(78): Cake\Http\ActionDispatcher->dispatch(Object(Cake\Http\ServerRequest), Object(Cake\Http\Response))
#3 C:\xampp\htdocs\school\vendor\cakephp\cakephp\src\Http\Runner.php(65): Cake\Http\BaseApplication->__invoke(Object(Cake\Http\ServerRequest), Object(Cake\Http\Response), Object(Cake\Http\Runner))
#4 C:\xampp\htdocs\school\vendor\cakephp\cakephp\src\Routing\Middleware\RoutingMiddleware.php(59): Cake\Http\Runner->__invoke(Object(Cake\Http\ServerRequest), Object(Cake\Http\Response))
#5 C:\xampp\htdocs\school\vendor\cakephp\cakephp\src\Http\Runner.php(65): Cake\Routing\Middleware\RoutingMiddleware->__invoke(Object(Cake\Http\ServerRequest), Object(Cake\Http\Response), Object(Cake\Http\Runner))
#6 C:\xampp\htdocs\school\vendor\cakephp\cakephp\src\Routing\Middleware\AssetMiddleware.php(93): Cake\Http\Runner->__invoke(Object(Cake\Http\ServerRequest), Object(Cake\Http\Response))
#7 C:\xampp\htdocs\school\vendor\cakephp\cakephp\src\Http\Runner.php(65): Cake\Routing\Middleware\AssetMiddleware->__invoke(Object(Cake\Http\ServerRequest), Object(Cake\Http\Response), Object(Cake\Http\Runner))
#8 C:\xampp\htdocs\school\vendor\cakephp\cakephp\src\Error\Middleware\ErrorHandlerMiddleware.php(93): Cake\Http\Runner->__invoke(Object(Cake\Http\ServerRequest), Object(Cake\Http\Response))
#9 C:\xampp\htdocs\school\vendor\cakephp\cakephp\src\Http\Runner.php(65): Cake\Error\Middleware\ErrorHandlerMiddleware->__invoke(Object(Cake\Http\ServerRequest), Object(Cake\Http\Response), Object(Cake\Http\Runner))
#10 C:\xampp\htdocs\school\vendor\cakephp\cakephp\src\Http\Runner.php(51): Cake\Http\Runner->__invoke(Object(Cake\Http\ServerRequest), Object(Cake\Http\Response))
#11 C:\xampp\htdocs\school\vendor\cakephp\cakephp\src\Http\Server.php(82): Cake\Http\Runner->run(Object(Cake\Http\MiddlewareQueue), Object(Cake\Http\ServerRequest), Object(Cake\Http\Response))
#12 C:\xampp\htdocs\school\webroot\index.php(37): Cake\Http\Server->run()
#13 {main}


